#
# A fatal error has been detected by the Java Runtime Environment:
#
#  Internal Error (safepoint.cpp:919), pid=9551, tid=38151
#  fatal error: Illegal threadstate encountered: 4
#
# JRE version: Java(TM) SE Runtime Environment 18.9 (11.0.15+8) (build 11.0.15+8-LTS-149)
# Java VM: Java HotSpot(TM) 64-Bit Server VM 18.9 (11.0.15+8-LTS-149, mixed mode, tiered, compressed oops, g1 gc, bsd-amd64)
# No core dump will be written. Core dumps have been disabled. To enable core dumping, try "ulimit -c unlimited" before starting Java again
#
# If you would like to submit a bug report, please visit:
#   https://bugreport.java.com/bugreport/crash.jsp
# The crash happened outside the Java Virtual Machine in native code.
# See problematic frame for where to report the bug.
#

---------------  S U M M A R Y ------------

Command Line: --add-modules=javafx.controls --module-path=/Users/humptydumpty/.gradle/caches/modules-2/files-2.1/org.openjfx/javafx-controls/11.0.2/996371d2868035845572cdb19179dca2bfd1139f/javafx-controls-11.0.2-mac.jar:/Users/humptydumpty/.gradle/caches/modules-2/files-2.1/org.openjfx/javafx-graphics/11.0.2/c1d99ae5bc48e7173f4514a941d27d8f8c972c71/javafx-graphics-11.0.2-mac.jar:/Users/humptydumpty/.gradle/caches/modules-2/files-2.1/org.openjfx/javafx-base/11.0.2/b774922e5da6a56afee221d1a288d179a1342aa9/javafx-base-11.0.2-mac.jar -Dfile.encoding=UTF-8 -Duser.country=PL -Duser.language=pl -Duser.variant snake.SnakeGame

Host: MacBookAir7,2 x86_64 1600 MHz, 4 cores, 4G, Darwin 21.4.0
Time: Thu May 12 20:53:55 2022 CEST elapsed time: 29.269868 seconds (0d 0h 0m 29s)

---------------  T H R E A D  ---------------

Current thread (0x00007ff3531a1800):  JavaThread "InvokeLaterDispatcher" daemon [_thread_in_native, id=38151, stack(0x000070001076d000,0x000070001086d000)]

Stack: [0x000070001076d000,0x000070001086d000],  sp=0x000070001086b2e0,  free space=1016k
Native frames: (J=compiled Java code, j=interpreted, Vv=VM code, C=native code)
V  [libjvm.dylib+0x789b86]  _ZN7VMError14report_and_dieEiPKcS1_P13__va_list_tagP6ThreadPhPvS7_S1_im+0x54c
V  [libjvm.dylib+0x2567a4]  _Z12report_fatal11VMErrorTypePKciS1_z+0xbc
V  [libjvm.dylib+0x6a9dc8]  _ZN20SafepointSynchronize5blockEP10JavaThread+0x1d8
V  [libjvm.dylib+0x6ab931]  _ZN18SafepointMechanism23block_if_requested_slowEP10JavaThread+0x1d
V  [libjvm.dylib+0x7393d8]  _ZN10JavaThread44check_safepoint_and_suspend_for_native_transEPS_+0x9c
V  [libjvm.dylib+0x3cfdf4]  jni_DeleteGlobalRef+0x91
C  [libglass.dylib+0x8851]  -[GlassRunnable dealloc]+0x31
C  [Foundation+0x81bee]  -[_NSThreadPerformInfo dealloc]+0x2a
C  [Foundation+0x4e496]  -[NSObject(NSThreadPerformAdditions) performSelectorOnMainThread:withObject:waitUntilDone:]+0x7c
J 1783  com.sun.glass.ui.mac.MacApplication._submitForLaterInvocation(Ljava/lang/Runnable;)V javafx.graphics (0 bytes) @ 0x0000000126ee838f [0x0000000126ee82c0+0x00000000000000cf]
J 1782 c1 com.sun.glass.ui.mac.MacApplication.submitForLaterInvocation(Ljava/lang/Runnable;)V javafx.graphics (6 bytes) @ 0x000000011fc0cdb4 [0x000000011fc0cd40+0x0000000000000074]
j  com.sun.glass.ui.InvokeLaterDispatcher.run()V+82 javafx.graphics
v  ~StubRoutines::call_stub
V  [libjvm.dylib+0x39135f]  _ZN9JavaCalls11call_helperEP9JavaValueRK12methodHandleP17JavaCallArgumentsP6Thread+0x207
V  [libjvm.dylib+0x3907d7]  _ZN9JavaCalls12call_virtualEP9JavaValueP5KlassP6SymbolS5_P17JavaCallArgumentsP6Thread+0xe9
V  [libjvm.dylib+0x390892]  _ZN9JavaCalls12call_virtualEP9JavaValue6HandleP5KlassP6SymbolS6_P6Thread+0x62
V  [libjvm.dylib+0x41863b]  _ZL12thread_entryP10JavaThreadP6Thread+0x78
V  [libjvm.dylib+0x737e2a]  _ZN10JavaThread17thread_main_innerEv+0x82
V  [libjvm.dylib+0x737c7b]  _ZN10JavaThread3runEv+0x121
V  [libjvm.dylib+0x735b3e]  _ZN6Thread8call_runEv+0x68
V  [libjvm.dylib+0x63b5c0]  _ZL19thread_native_entryP6Thread+0x136
C  [libsystem_pthread.dylib+0x64e1]  _pthread_start+0x7d
C  [libsystem_pthread.dylib+0x1f6b]  thread_start+0xf

Java frames: (J=compiled Java code, j=interpreted, Vv=VM code)
J 1783  com.sun.glass.ui.mac.MacApplication._submitForLaterInvocation(Ljava/lang/Runnable;)V javafx.graphics (0 bytes) @ 0x0000000126ee831c [0x0000000126ee82c0+0x000000000000005c]
J 1782 c1 com.sun.glass.ui.mac.MacApplication.submitForLaterInvocation(Ljava/lang/Runnable;)V javafx.graphics (6 bytes) @ 0x000000011fc0cdb4 [0x000000011fc0cd40+0x0000000000000074]
j  com.sun.glass.ui.InvokeLaterDispatcher.run()V+82 javafx.graphics
v  ~StubRoutines::call_stub

---------------  P R O C E S S  ---------------

Threads class SMR info:
_java_thread_list=0x0000600003998c40, length=14, elements={
0x00007ff352808800, 0x00007ff352095800, 0x00007ff352098800, 0x00007ff353013800,
0x00007ff353009800, 0x00007ff353016800, 0x00007ff352828800, 0x00007ff352829800,
0x00007ff3530a9000, 0x00007ff351049000, 0x00007ff3531a1800, 0x00007ff3520f0800,
0x00007ff3512e5000, 0x00007ff352292000
}

Java Threads: ( => current thread )
  0x00007ff352808800 JavaThread "main" [_thread_blocked, id=9731, stack(0x000070000f534000,0x000070000f634000)]
  0x00007ff352095800 JavaThread "Reference Handler" daemon [_thread_blocked, id=13827, stack(0x000070000fc49000,0x000070000fd49000)]
  0x00007ff352098800 JavaThread "Finalizer" daemon [_thread_in_vm, id=14083, stack(0x000070000fd4c000,0x000070000fe4c000)]
  0x00007ff353013800 JavaThread "Signal Dispatcher" daemon [_thread_blocked, id=16387, stack(0x000070000ff55000,0x0000700010055000)]
  0x00007ff353009800 JavaThread "Service Thread" daemon [_thread_blocked, id=21763, stack(0x0000700010058000,0x0000700010158000)]
  0x00007ff353016800 JavaThread "C2 CompilerThread0" daemon [_thread_blocked, id=22531, stack(0x000070001015b000,0x000070001025b000)]
  0x00007ff352828800 JavaThread "C1 CompilerThread0" daemon [_thread_in_vm, id=23043, stack(0x000070001025e000,0x000070001035e000)]
  0x00007ff352829800 JavaThread "Sweeper thread" daemon [_thread_blocked, id=42755, stack(0x0000700010361000,0x0000700010461000)]
  0x00007ff3530a9000 JavaThread "Common-Cleaner" daemon [_thread_blocked, id=42243, stack(0x0000700010464000,0x0000700010564000)]
  0x00007ff351049000 JavaThread "QuantumRenderer-0" daemon [_thread_in_vm, id=41475, stack(0x000070001066a000,0x000070001076a000)]
=>0x00007ff3531a1800 JavaThread "InvokeLaterDispatcher" daemon [_thread_in_native, id=38151, stack(0x000070001076d000,0x000070001086d000)]
  0x00007ff3520f0800 JavaThread "JavaFX Application Thread" [_thread_in_native_trans, id=259, stack(0x00007ff7b0181000,0x00007ff7b0981000)]
  0x00007ff3512e5000 JavaThread "Thread-2" daemon [_thread_blocked, id=45831, stack(0x0000700010973000,0x00007000109f3000)]
  0x00007ff352292000 JavaThread "JavaFX-Launcher" [_thread_blocked, id=52739, stack(0x0000700010afc000,0x0000700010bfc000)]

Other Threads:
  0x00007ff35208e000 VMThread "VM Thread" [stack: 0x000070000fb46000,0x000070000fc46000] [id=13315] _threads_hazard_ptr=0x0000600003998c40
  0x00007ff3528a8800 WatcherThread [stack: 0x0000700010567000,0x0000700010667000] [id=24067]
  0x00007ff35300a800 GCTaskThread "GC Thread#0" [stack: 0x000070000f637000,0x000070000f737000] [id=21251]
  0x00007ff352ad1800 GCTaskThread "GC Thread#1" [stack: 0x0000700010870000,0x0000700010970000] [id=29187]
  0x00007ff352241000 GCTaskThread "GC Thread#2" [stack: 0x0000700010c82000,0x0000700010d82000] [id=17015]
  0x00007ff351328800 GCTaskThread "GC Thread#3" [stack: 0x0000700010d85000,0x0000700010e85000] [id=31247]
  0x00007ff352031000 ConcurrentGCThread "G1 Main Marker" [stack: 0x000070000f73a000,0x000070000f83a000] [id=20995]
  0x00007ff352031800 ConcurrentGCThread "G1 Conc#0" [stack: 0x000070000f83d000,0x000070000f93d000] [id=20227]
  0x00007ff352062800 ConcurrentGCThread "G1 Refine#0" [stack: 0x000070000f940000,0x000070000fa40000] [id=19971]
  0x00007ff35100b800 ConcurrentGCThread "G1 Young RemSet Sampling" [stack: 0x000070000fa43000,0x000070000fb43000] [id=12547]

Threads with active compile tasks:
C1 CompilerThread0  29311 2349       3       snake.SnakeGame::displayOnGrid (148 bytes)

VM state:synchronizing (normal execution)

VM Mutex/Monitor currently owned by a thread:  ([mutex/lock_event])
[0x00006000017ca580] Safepoint_lock - owner thread: 0x00007ff35208e000
[0x00006000017ca600] Threads_lock - owner thread: 0x00007ff35208e000

Heap address: 0x00000007c0000000, size: 1024 MB, Compressed Oops mode: Zero based, Oop shift amount: 3
Narrow klass base: 0x0000000800000000, Narrow klass shift: 0
Compressed class space size: 1073741824 Address: 0x0000000800000000

Heap:
 garbage-first heap   total 65536K, used 7697K [0x00000007c0000000, 0x0000000800000000)
  region size 1024K, 5 young (5120K), 4 survivors (4096K)
 Metaspace       used 16306K, capacity 16720K, committed 17024K, reserved 1064960K
  class space    used 1843K, capacity 2050K, committed 2176K, reserved 1048576K
Heap Regions: E=young(eden), S=young(survivor), O=old, HS=humongous(starts), HC=humongous(continues), CS=collection set, F=free, A=archive, TAMS=top-at-mark-start (previous, next)
|   0|0x00000007c0000000, 0x00000007c0100000, 0x00000007c0100000|100%|HS|  |TAMS 0x00000007c0000000, 0x00000007c0000000| Complete 
|   1|0x00000007c0100000, 0x00000007c0200000, 0x00000007c0200000|100%|HC|  |TAMS 0x00000007c0100000, 0x00000007c0100000| Complete 
|   2|0x00000007c0200000, 0x00000007c0300000, 0x00000007c0300000|100%|HC|  |TAMS 0x00000007c0200000, 0x00000007c0200000| Complete 
|   3|0x00000007c0300000, 0x00000007c0400000, 0x00000007c0400000|100%|HC|  |TAMS 0x00000007c0300000, 0x00000007c0300000| Complete 
|   4|0x00000007c0400000, 0x00000007c0400000, 0x00000007c0500000|  0%| F|  |TAMS 0x00000007c0400000, 0x00000007c0400000| Untracked 
|   5|0x00000007c0500000, 0x00000007c0500000, 0x00000007c0600000|  0%| F|  |TAMS 0x00000007c0500000, 0x00000007c0500000| Untracked 
|   6|0x00000007c0600000, 0x00000007c0600000, 0x00000007c0700000|  0%| F|  |TAMS 0x00000007c0600000, 0x00000007c0600000| Untracked 
|   7|0x00000007c0700000, 0x00000007c0700000, 0x00000007c0800000|  0%| F|  |TAMS 0x00000007c0700000, 0x00000007c0700000| Untracked 
|   8|0x00000007c0800000, 0x00000007c0800000, 0x00000007c0900000|  0%| F|  |TAMS 0x00000007c0800000, 0x00000007c0800000| Untracked 
|   9|0x00000007c0900000, 0x00000007c0900000, 0x00000007c0a00000|  0%| F|  |TAMS 0x00000007c0900000, 0x00000007c0900000| Untracked 
|  10|0x00000007c0a00000, 0x00000007c0a00000, 0x00000007c0b00000|  0%| F|  |TAMS 0x00000007c0a00000, 0x00000007c0a00000| Untracked 
|  11|0x00000007c0b00000, 0x00000007c0b00000, 0x00000007c0c00000|  0%| F|  |TAMS 0x00000007c0b00000, 0x00000007c0b00000| Untracked 
|  12|0x00000007c0c00000, 0x00000007c0c00000, 0x00000007c0d00000|  0%| F|  |TAMS 0x00000007c0c00000, 0x00000007c0c00000| Untracked 
|  13|0x00000007c0d00000, 0x00000007c0d00000, 0x00000007c0e00000|  0%| F|  |TAMS 0x00000007c0d00000, 0x00000007c0d00000| Untracked 
|  14|0x00000007c0e00000, 0x00000007c0e00000, 0x00000007c0f00000|  0%| F|  |TAMS 0x00000007c0e00000, 0x00000007c0e00000| Untracked 
|  15|0x00000007c0f00000, 0x00000007c0f00000, 0x00000007c1000000|  0%| F|  |TAMS 0x00000007c0f00000, 0x00000007c0f00000| Untracked 
|  16|0x00000007c1000000, 0x00000007c1000000, 0x00000007c1100000|  0%| F|  |TAMS 0x00000007c1000000, 0x00000007c1000000| Untracked 
|  17|0x00000007c1100000, 0x00000007c1100000, 0x00000007c1200000|  0%| F|  |TAMS 0x00000007c1100000, 0x00000007c1100000| Untracked 
|  18|0x00000007c1200000, 0x00000007c1200000, 0x00000007c1300000|  0%| F|  |TAMS 0x00000007c1200000, 0x00000007c1200000| Untracked 
|  19|0x00000007c1300000, 0x00000007c1300000, 0x00000007c1400000|  0%| F|  |TAMS 0x00000007c1300000, 0x00000007c1300000| Untracked 
|  20|0x00000007c1400000, 0x00000007c1400000, 0x00000007c1500000|  0%| F|  |TAMS 0x00000007c1400000, 0x00000007c1400000| Untracked 
|  21|0x00000007c1500000, 0x00000007c1500000, 0x00000007c1600000|  0%| F|  |TAMS 0x00000007c1500000, 0x00000007c1500000| Untracked 
|  22|0x00000007c1600000, 0x00000007c1684440, 0x00000007c1700000| 51%| S|CS|TAMS 0x00000007c1600000, 0x00000007c1600000| Complete 
|  23|0x00000007c1700000, 0x00000007c1800000, 0x00000007c1800000|100%| S|CS|TAMS 0x00000007c1700000, 0x00000007c1700000| Complete 
|  24|0x00000007c1800000, 0x00000007c1900000, 0x00000007c1900000|100%| S|CS|TAMS 0x00000007c1800000, 0x00000007c1800000| Complete 
|  25|0x00000007c1900000, 0x00000007c1a00000, 0x00000007c1a00000|100%| S|CS|TAMS 0x00000007c1900000, 0x00000007c1900000| Complete 
|  26|0x00000007c1a00000, 0x00000007c1a00000, 0x00000007c1b00000|  0%| F|  |TAMS 0x00000007c1a00000, 0x00000007c1a00000| Untracked 
|  27|0x00000007c1b00000, 0x00000007c1b00000, 0x00000007c1c00000|  0%| F|  |TAMS 0x00000007c1b00000, 0x00000007c1b00000| Untracked 
|  28|0x00000007c1c00000, 0x00000007c1c00000, 0x00000007c1d00000|  0%| F|  |TAMS 0x00000007c1c00000, 0x00000007c1c00000| Untracked 
|  29|0x00000007c1d00000, 0x00000007c1d00000, 0x00000007c1e00000|  0%| F|  |TAMS 0x00000007c1d00000, 0x00000007c1d00000| Untracked 
|  30|0x00000007c1e00000, 0x00000007c1e00000, 0x00000007c1f00000|  0%| F|  |TAMS 0x00000007c1e00000, 0x00000007c1e00000| Untracked 
|  31|0x00000007c1f00000, 0x00000007c1f00000, 0x00000007c2000000|  0%| F|  |TAMS 0x00000007c1f00000, 0x00000007c1f00000| Untracked 
|  32|0x00000007c2000000, 0x00000007c2000000, 0x00000007c2100000|  0%| F|  |TAMS 0x00000007c2000000, 0x00000007c2000000| Untracked 
|  33|0x00000007c2100000, 0x00000007c2100000, 0x00000007c2200000|  0%| F|  |TAMS 0x00000007c2100000, 0x00000007c2100000| Untracked 
|  34|0x00000007c2200000, 0x00000007c2200000, 0x00000007c2300000|  0%| F|  |TAMS 0x00000007c2200000, 0x00000007c2200000| Untracked 
|  35|0x00000007c2300000, 0x00000007c2300000, 0x00000007c2400000|  0%| F|  |TAMS 0x00000007c2300000, 0x00000007c2300000| Untracked 
|  36|0x00000007c2400000, 0x00000007c2400000, 0x00000007c2500000|  0%| F|  |TAMS 0x00000007c2400000, 0x00000007c2400000| Untracked 
|  37|0x00000007c2500000, 0x00000007c2500000, 0x00000007c2600000|  0%| F|  |TAMS 0x00000007c2500000, 0x00000007c2500000| Untracked 
|  38|0x00000007c2600000, 0x00000007c2600000, 0x00000007c2700000|  0%| F|  |TAMS 0x00000007c2600000, 0x00000007c2600000| Untracked 
|  39|0x00000007c2700000, 0x00000007c2700000, 0x00000007c2800000|  0%| F|  |TAMS 0x00000007c2700000, 0x00000007c2700000| Untracked 
|  40|0x00000007c2800000, 0x00000007c2800000, 0x00000007c2900000|  0%| F|  |TAMS 0x00000007c2800000, 0x00000007c2800000| Untracked 
|  41|0x00000007c2900000, 0x00000007c2900000, 0x00000007c2a00000|  0%| F|  |TAMS 0x00000007c2900000, 0x00000007c2900000| Untracked 
|  42|0x00000007c2a00000, 0x00000007c2a00000, 0x00000007c2b00000|  0%| F|  |TAMS 0x00000007c2a00000, 0x00000007c2a00000| Untracked 
|  43|0x00000007c2b00000, 0x00000007c2b00000, 0x00000007c2c00000|  0%| F|  |TAMS 0x00000007c2b00000, 0x00000007c2b00000| Untracked 
|  44|0x00000007c2c00000, 0x00000007c2c00000, 0x00000007c2d00000|  0%| F|  |TAMS 0x00000007c2c00000, 0x00000007c2c00000| Untracked 
|  45|0x00000007c2d00000, 0x00000007c2d00000, 0x00000007c2e00000|  0%| F|  |TAMS 0x00000007c2d00000, 0x00000007c2d00000| Untracked 
|  46|0x00000007c2e00000, 0x00000007c2e00000, 0x00000007c2f00000|  0%| F|  |TAMS 0x00000007c2e00000, 0x00000007c2e00000| Untracked 
|  47|0x00000007c2f00000, 0x00000007c2f00000, 0x00000007c3000000|  0%| F|  |TAMS 0x00000007c2f00000, 0x00000007c2f00000| Untracked 
|  48|0x00000007c3000000, 0x00000007c3000000, 0x00000007c3100000|  0%| F|  |TAMS 0x00000007c3000000, 0x00000007c3000000| Untracked 
|  49|0x00000007c3100000, 0x00000007c3100000, 0x00000007c3200000|  0%| F|  |TAMS 0x00000007c3100000, 0x00000007c3100000| Untracked 
|  50|0x00000007c3200000, 0x00000007c3200000, 0x00000007c3300000|  0%| F|  |TAMS 0x00000007c3200000, 0x00000007c3200000| Untracked 
|  51|0x00000007c3300000, 0x00000007c3300000, 0x00000007c3400000|  0%| F|  |TAMS 0x00000007c3300000, 0x00000007c3300000| Untracked 
|  52|0x00000007c3400000, 0x00000007c3400000, 0x00000007c3500000|  0%| F|  |TAMS 0x00000007c3400000, 0x00000007c3400000| Untracked 
|  53|0x00000007c3500000, 0x00000007c3500000, 0x00000007c3600000|  0%| F|  |TAMS 0x00000007c3500000, 0x00000007c3500000| Untracked 
|  54|0x00000007c3600000, 0x00000007c3600000, 0x00000007c3700000|  0%| F|  |TAMS 0x00000007c3600000, 0x00000007c3600000| Untracked 
|  55|0x00000007c3700000, 0x00000007c3700000, 0x00000007c3800000|  0%| F|  |TAMS 0x00000007c3700000, 0x00000007c3700000| Untracked 
|  56|0x00000007c3800000, 0x00000007c3800000, 0x00000007c3900000|  0%| F|  |TAMS 0x00000007c3800000, 0x00000007c3800000| Untracked 
|  57|0x00000007c3900000, 0x00000007c3900000, 0x00000007c3a00000|  0%| F|  |TAMS 0x00000007c3900000, 0x00000007c3900000| Untracked 
|  58|0x00000007c3a00000, 0x00000007c3a00000, 0x00000007c3b00000|  0%| F|  |TAMS 0x00000007c3a00000, 0x00000007c3a00000| Untracked 
|  59|0x00000007c3b00000, 0x00000007c3b00000, 0x00000007c3c00000|  0%| F|  |TAMS 0x00000007c3b00000, 0x00000007c3b00000| Untracked 
|  60|0x00000007c3c00000, 0x00000007c3c00000, 0x00000007c3d00000|  0%| F|  |TAMS 0x00000007c3c00000, 0x00000007c3c00000| Untracked 
|  61|0x00000007c3d00000, 0x00000007c3d00000, 0x00000007c3e00000|  0%| F|  |TAMS 0x00000007c3d00000, 0x00000007c3d00000| Untracked 
|  62|0x00000007c3e00000, 0x00000007c3e00000, 0x00000007c3f00000|  0%| F|  |TAMS 0x00000007c3e00000, 0x00000007c3e00000| Untracked 
|  63|0x00000007c3f00000, 0x00000007c4000000, 0x00000007c4000000|100%| E|  |TAMS 0x00000007c3f00000, 0x00000007c3f00000| Complete 

Card table byte_map: [0x000000010fb4b000,0x000000010fd4b000] _byte_map_base: 0x000000010bd4b000

Marking Bits (Prev, Next): (CMBitMap*) 0x00007ff35202c418, (CMBitMap*) 0x00007ff35202c450
 Prev Bits: [0x000000011884f000, 0x000000011984f000)
 Next Bits: [0x000000011984f000, 0x000000011a84f000)

Polling page: 0x000000010f6be000

Metaspace:

Usage:
  Non-class:     14.33 MB capacity,    14.12 MB ( 99%) used,   161.75 KB (  1%) free+waste,    45.38 KB ( <1%) overhead. 
      Class:      2.00 MB capacity,     1.80 MB ( 90%) used,   182.24 KB (  9%) free+waste,    24.25 KB (  1%) overhead. 
       Both:     16.33 MB capacity,    15.92 MB ( 98%) used,   343.99 KB (  2%) free+waste,    69.62 KB ( <1%) overhead. 

Virtual space:
  Non-class space:       16.00 MB reserved,      14.50 MB ( 91%) committed 
      Class space:        1.00 GB reserved,       2.12 MB ( <1%) committed 
             Both:        1.02 GB reserved,      16.62 MB (  2%) committed 

Chunk freelists:
   Non-Class:  11.75 KB
       Class:  0 bytes
        Both:  11.75 KB

CodeHeap 'non-profiled nmethods': size=120032Kb used=954Kb max_used=954Kb free=119077Kb
 bounds [0x0000000126e5e000, 0x00000001270ce000, 0x000000012e396000]
CodeHeap 'profiled nmethods': size=120032Kb used=4592Kb max_used=4592Kb free=115439Kb
 bounds [0x000000011f926000, 0x000000011fda6000, 0x0000000126e5e000]
CodeHeap 'non-nmethods': size=5696Kb used=1255Kb max_used=1294Kb free=4440Kb
 bounds [0x000000011f396000, 0x000000011f606000, 0x000000011f926000]
 total_blobs=3005 nmethods=2344 adapters=573
 compilation: enabled
              stopped_count=0, restarted_count=0
 full_count=0

Compilation events (10 events):
Event: 29.093 Thread 0x00007ff352828800 nmethod 2344 0x000000011fd9ee90 code [0x000000011fd9f040, 0x000000011fd9f1c0]
Event: 29.093 Thread 0x00007ff352828800 2345       3       com.sun.javafx.sg.prism.NGCamera::getProjViewTx (21 bytes)
Event: 29.094 Thread 0x00007ff352828800 nmethod 2345 0x000000011fd9f290 code [0x000000011fd9f480, 0x000000011fd9f980]
Event: 29.094 Thread 0x00007ff352828800 2346       3       com.sun.javafx.sg.prism.NGCamera::getPositionInWorld (22 bytes)
Event: 29.095 Thread 0x00007ff352828800 nmethod 2346 0x000000011fd9fb90 code [0x000000011fd9fd40, 0x000000011fda0050]
Event: 29.203 Thread 0x00007ff352828800 2347       1       javafx.geometry.Point2D::getX (5 bytes)
Event: 29.203 Thread 0x00007ff352828800 nmethod 2347 0x0000000126f4c290 code [0x0000000126f4c420, 0x0000000126f4c4d0]
Event: 29.203 Thread 0x00007ff352828800 2348       1       javafx.geometry.Point2D::getY (5 bytes)
Event: 29.203 Thread 0x00007ff352828800 nmethod 2348 0x0000000126f4c590 code [0x0000000126f4c720, 0x0000000126f4c7d0]
Event: 29.233 Thread 0x00007ff352828800 2349       3       snake.SnakeGame::displayOnGrid (148 bytes)

GC Heap History (4 events):
Event: 1.192 GC heap before
{Heap before GC invocations=0 (full 0):
 garbage-first heap   total 65536K, used 13312K [0x00000007c0000000, 0x0000000800000000)
  region size 1024K, 14 young (14336K), 0 survivors (0K)
 Metaspace       used 8902K, capacity 9236K, committed 9472K, reserved 1058816K
  class space    used 882K, capacity 1011K, committed 1024K, reserved 1048576K
}
Event: 1.199 GC heap after
{Heap after GC invocations=1 (full 0):
 garbage-first heap   total 65536K, used 1808K [0x00000007c0000000, 0x0000000800000000)
  region size 1024K, 2 young (2048K), 2 survivors (2048K)
 Metaspace       used 8902K, capacity 9236K, committed 9472K, reserved 1058816K
  class space    used 882K, capacity 1011K, committed 1024K, reserved 1048576K
}
Event: 29.235 GC heap before
{Heap before GC invocations=1 (full 0):
 garbage-first heap   total 65536K, used 41744K [0x00000007c0000000, 0x0000000800000000)
  region size 1024K, 38 young (38912K), 2 survivors (2048K)
 Metaspace       used 16303K, capacity 16720K, committed 17024K, reserved 1064960K
  class space    used 1843K, capacity 2050K, committed 2176K, reserved 1048576K
}
Event: 29.265 GC heap after
{Heap after GC invocations=2 (full 0):
 garbage-first heap   total 65536K, used 7697K [0x00000007c0000000, 0x0000000800000000)
  region size 1024K, 4 young (4096K), 4 survivors (4096K)
 Metaspace       used 16303K, capacity 16720K, committed 17024K, reserved 1064960K
  class space    used 1843K, capacity 2050K, committed 2176K, reserved 1048576K
}

Deoptimization events (7 events):
Event: 0.380 Thread 0x00007ff352808800 Uncommon trap: reason=unstable_if action=reinterpret pc=0x0000000126e68d1c method=java.lang.CharacterDataLatin1.isJavaIdentifierPart(I)Z @ 11 c2
Event: 0.417 Thread 0x00007ff352808800 Uncommon trap: reason=unstable_if action=reinterpret pc=0x0000000126e6ab78 method=java.lang.CharacterDataLatin1.isJavaIdentifierPart(I)Z @ 11 c2
Event: 0.818 Thread 0x00007ff351049000 Uncommon trap: reason=unstable_if action=reinterpret pc=0x0000000126e7fd2c method=java.lang.String.startsWith(Ljava/lang/String;I)Z @ 1 c2
Event: 1.976 Thread 0x00007ff352808800 Uncommon trap: reason=unstable_if action=reinterpret pc=0x0000000126e9a010 method=jdk.internal.org.objectweb.asm.Type.getArgumentsAndReturnSizes(Ljava/lang/String;)I @ 88 c2
Event: 3.011 Thread 0x00007ff3520f0800 Uncommon trap: reason=unstable_if action=reinterpret pc=0x0000000126e7ef54 method=java.lang.StringLatin1.canEncode(I)Z @ 4 c2
Event: 3.364 Thread 0x00007ff3520f0800 Uncommon trap: reason=unstable_fused_if action=reinterpret pc=0x0000000126e953d4 method=jdk.internal.org.objectweb.asm.Frame.execute(IILjdk/internal/org/objectweb/asm/ClassWriter;Ljdk/internal/org/objectweb/asm/Item;)V @ 1 c2
Event: 28.333 Thread 0x00007ff3520f0800 Uncommon trap: reason=class_check action=maybe_recompile pc=0x0000000126f3ab60 method=java.util.stream.ReferencePipeline$2$1.accept(Ljava/lang/Object;)V @ 21 c2

Classes redefined (0 events):
No events

Internal exceptions (10 events):
Event: 2.827 Thread 0x00007ff3520f0800 Exception <a 'java/lang/NoSuchMethodError'{0x00000007c327c8f8}: java.lang.invoke.DirectMethodHandle$Holder.invokeStatic(Ljava/lang/Object;Ljava/lang/Object;Ljava/lang/Object;Ljava/lang/Object;Ljava/lang/Object;Ljava/lang/Object;Ljava/lang/Object;Ljava/lan
Event: 2.830 Thread 0x00007ff3520f0800 Exception <a 'java/lang/NoSuchMethodError'{0x00000007c328a900}: java.lang.invoke.DirectMethodHandle$Holder.invokeStatic(Ljava/lang/Object;Ljava/lang/Object;Ljava/lang/Object;Ljava/lang/Object;Ljava/lang/Object;Ljava/lang/Object;Ljava/lang/Object;Ljava/lan
Event: 2.832 Thread 0x00007ff3520f0800 Exception <a 'java/lang/NoSuchMethodError'{0x00000007c3298568}: java.lang.invoke.DirectMethodHandle$Holder.invokeSpecial(Ljava/lang/Object;Ljava/lang/Object;IILjava/lang/Object;Ljava/lang/Object;Ljava/lang/Object;)Ljava/lang/Object;> (0x00000007c3298568) 
Event: 2.833 Thread 0x00007ff3520f0800 Exception <a 'java/lang/NoSuchMethodError'{0x00000007c329baf0}: java.lang.invoke.DelegatingMethodHandle$Holder.reinvoke_L(Ljava/lang/Object;IILjava/lang/Object;Ljava/lang/Object;Ljava/lang/Object;)Ljava/lang/Object;> (0x00000007c329baf0) thrown at [./open
Event: 2.834 Thread 0x00007ff3520f0800 Exception <a 'java/lang/NoSuchMethodError'{0x00000007c329fd78}: java.lang.invoke.DirectMethodHandle$Holder.invokeStatic(Ljava/lang/Object;Ljava/lang/Object;Ljava/lang/Object;Ljava/lang/Object;I)Ljava/lang/Object;> (0x00000007c329fd78) thrown at [./open/sr
Event: 3.399 Thread 0x00007ff3520f0800 Exception <a 'java/lang/NoSuchMethodError'{0x00000007c2b71f10}: java.lang.invoke.Invokers$Holder.linkToTargetMethod(Ljava/lang/Object;ILjava/lang/Object;)Ljava/lang/Object;> (0x00000007c2b71f10) thrown at [./open/src/hotspot/share/interpreter/linkResolver
Event: 3.493 Thread 0x00007ff3520f0800 Exception <a 'java/lang/NoSuchMethodError'{0x00000007c2ba8718}: java.lang.invoke.DirectMethodHandle$Holder.invokeStaticInit(Ljava/lang/Object;Ljava/lang/Object;Ljava/lang/Object;)J> (0x00000007c2ba8718) thrown at [./open/src/hotspot/share/interpreter/link
Event: 3.500 Thread 0x00007ff3520f0800 Exception <a 'java/lang/NoSuchMethodError'{0x00000007c2bc1490}: java.lang.invoke.DirectMethodHandle$Holder.invokeStatic(Ljava/lang/Object;Ljava/lang/Object;J)Ljava/lang/Object;> (0x00000007c2bc1490) thrown at [./open/src/hotspot/share/interpreter/linkReso
Event: 3.500 Thread 0x00007ff3520f0800 Exception <a 'java/lang/NoSuchMethodError'{0x00000007c2bc7608}: java.lang.invoke.Invokers$Holder.linkToTargetMethod(Ljava/lang/Object;JLjava/lang/Object;)Ljava/lang/Object;> (0x00000007c2bc7608) thrown at [./open/src/hotspot/share/interpreter/linkResolver
Event: 3.540 Thread 0x00007ff351049000 Exception <a 'java/lang/NoSuchMethodError'{0x00000007c2a696a0}: java.lang.invoke.DirectMethodHandle$Holder.invokeStaticInit(Ljava/lang/Object;Ljava/lang/Object;)I> (0x00000007c2a696a0) thrown at [./open/src/hotspot/share/interpreter/linkResolver.cpp, line

Events (10 events):
Event: 22.867 Thread 0x00007ff3520f0800 DEOPT PACKING pc=0x000000011fd2b799 sp=0x00007ff7b097a970
Event: 22.867 Thread 0x00007ff3520f0800 DEOPT UNPACKING pc=0x000000011f3bc0ca sp=0x00007ff7b0979f50 mode 0
Event: 28.333 Thread 0x00007ff3520f0800 Uncommon trap: trap_request=0xffffffde fr.pc=0x0000000126f3ab60 relative=0x0000000000001180
Event: 28.333 Thread 0x00007ff3520f0800 DEOPT PACKING pc=0x0000000126f3ab60 sp=0x00007ff7b097a7e0
Event: 28.333 Thread 0x00007ff3520f0800 DEOPT UNPACKING pc=0x000000011f3bb925 sp=0x00007ff7b097a7a8 mode 2
Event: 29.235 Executing VM operation: G1CollectForAllocation
Event: 29.266 Executing VM operation: G1CollectForAllocation done
Event: 29.267 Executing VM operation: RevokeBias
Event: 29.267 Executing VM operation: RevokeBias done
Event: 29.267 Executing VM operation: RevokeBias


Dynamic libraries:
0x000000010f69f000 	/Library/Java/JavaVirtualMachines/jdk-11.0.15.jdk/Contents/Home/lib/jli/libjli.dylib
0x00007ff8195e5000 	/System/Library/Frameworks/Cocoa.framework/Versions/A/Cocoa
0x00007ff805262000 	/System/Library/Frameworks/AppKit.framework/Versions/C/AppKit
0x00007ff80876d000 	/System/Library/Frameworks/CoreData.framework/Versions/A/CoreData
0x00007ff80366e000 	/System/Library/Frameworks/Foundation.framework/Versions/C/Foundation
0x00007ff80d58e000 	/usr/lib/libSystem.B.dylib
0x00007ff8060f0000 	/System/Library/PrivateFrameworks/UIFoundation.framework/Versions/A/UIFoundation
0x00007ff8134ef000 	/System/Library/PrivateFrameworks/RemoteViewServices.framework/Versions/A/RemoteViewServices
0x00007ff80b7d9000 	/System/Library/PrivateFrameworks/XCTTargetBootstrap.framework/Versions/A/XCTTargetBootstrap
0x00007ff80f395000 	/System/Library/PrivateFrameworks/InternationalSupport.framework/Versions/A/InternationalSupport
0x00007ff80f41f000 	/System/Library/PrivateFrameworks/UserActivity.framework/Versions/A/UserActivity
0x00007ff80e775000 	/usr/lib/libspindump.dylib
0x00007ff80637e000 	/System/Library/Frameworks/UniformTypeIdentifiers.framework/Versions/A/UniformTypeIdentifiers
0x00007ff809f02000 	/usr/lib/libapp_launch_measurement.dylib
0x00007ff80913d000 	/System/Library/PrivateFrameworks/CoreAnalytics.framework/Versions/A/CoreAnalytics
0x00007ff809f05000 	/System/Library/PrivateFrameworks/CoreAutoLayout.framework/Versions/A/CoreAutoLayout
0x00007ff80b133000 	/System/Library/Frameworks/Metal.framework/Versions/A/Metal
0x00007ff80be5f000 	/usr/lib/liblangid.dylib
0x00007ff80b7de000 	/System/Library/PrivateFrameworks/CoreSVG.framework/Versions/A/CoreSVG
0x00007ff807765000 	/System/Library/PrivateFrameworks/SkyLight.framework/Versions/A/SkyLight
0x00007ff807b03000 	/System/Library/Frameworks/CoreGraphics.framework/Versions/A/CoreGraphics
0x00007ff813baf000 	/System/Library/Frameworks/Accelerate.framework/Versions/A/Accelerate
0x00007ff80e1f4000 	/System/Library/PrivateFrameworks/IconServices.framework/Versions/A/IconServices
0x00007ff80b118000 	/System/Library/Frameworks/IOSurface.framework/Versions/A/IOSurface
0x00007ff80916b000 	/usr/lib/libDiagnosticMessagesClient.dylib
0x00007ff80d4ae000 	/usr/lib/libz.1.dylib
0x00007ff817292000 	/System/Library/Frameworks/ApplicationServices.framework/Versions/A/ApplicationServices
0x00007ff80b7c5000 	/System/Library/PrivateFrameworks/DFRFoundation.framework/Versions/A/DFRFoundation
0x00007ff804b4a000 	/usr/lib/libicucore.A.dylib
0x00007ff81018a000 	/System/Library/Frameworks/AudioToolbox.framework/Versions/A/AudioToolbox
0x00007ff80f3a1000 	/System/Library/PrivateFrameworks/DataDetectorsCore.framework/Versions/A/DataDetectorsCore
0x00007ff90b32e000 	/System/Library/PrivateFrameworks/TextInput.framework/Versions/A/TextInput
0x00007ff8076e8000 	/usr/lib/libMobileGestalt.dylib
0x00007ff80b4d1000 	/System/Library/Frameworks/Carbon.framework/Versions/A/Frameworks/HIToolbox.framework/Versions/A/HIToolbox
0x00007ff809908000 	/System/Library/Frameworks/QuartzCore.framework/Versions/A/QuartzCore
0x00007ff8047f1000 	/System/Library/Frameworks/Security.framework/Versions/A/Security
0x00007ff813527000 	/System/Library/Frameworks/Carbon.framework/Versions/A/Frameworks/SpeechRecognition.framework/Versions/A/SpeechRecognition
0x00007ff809c62000 	/System/Library/PrivateFrameworks/CoreUI.framework/Versions/A/CoreUI
0x00007ff8040bd000 	/System/Library/Frameworks/CoreAudio.framework/Versions/A/CoreAudio
0x00007ff80925a000 	/System/Library/Frameworks/DiskArbitration.framework/Versions/A/DiskArbitration
0x00007ff80eb63000 	/System/Library/PrivateFrameworks/MultitouchSupport.framework/Versions/A/MultitouchSupport
0x00007ff8076e7000 	/usr/lib/libenergytrace.dylib
0x00007ff80514e000 	/System/Library/Frameworks/IOKit.framework/Versions/A/IOKit
0x00007ff813917000 	/System/Library/Frameworks/CoreServices.framework/Versions/A/CoreServices
0x00007ff809e9c000 	/System/Library/PrivateFrameworks/PerformanceAnalysis.framework/Versions/A/PerformanceAnalysis
0x00007ffa1a852000 	/System/Library/Frameworks/OpenGL.framework/Versions/A/OpenGL
0x00007ff80cac8000 	/System/Library/PrivateFrameworks/MobileKeyBag.framework/Versions/A/MobileKeyBag
0x00007ff80263e000 	/usr/lib/libobjc.A.dylib
0x00007ff8081ce000 	/System/Library/Frameworks/ColorSync.framework/Versions/A/ColorSync
0x00007ff8027fc000 	/System/Library/Frameworks/CoreFoundation.framework/Versions/A/CoreFoundation
0x00007ff80ba55000 	/System/Library/Frameworks/CoreImage.framework/Versions/A/CoreImage
0x00007ff803ed5000 	/System/Library/Frameworks/CoreText.framework/Versions/A/CoreText
0x00007ff80b80e000 	/System/Library/Frameworks/ImageIO.framework/Versions/A/ImageIO
0x00007ff80d594000 	/System/Library/PrivateFrameworks/SoftLinking.framework/Versions/A/SoftLinking
0x00007ff809f4d000 	/usr/lib/libxml2.2.dylib
0x00007ff802708000 	/usr/lib/libc++.1.dylib
0x00007ff80d818000 	/usr/lib/libcompression.dylib
0x00007ff80f2c8000 	/System/Library/PrivateFrameworks/TextureIO.framework/Versions/A/TextureIO
0x00007ff80df06000 	/usr/lib/libate.dylib
0x00007ff80d589000 	/usr/lib/system/libcache.dylib
0x00007ff80d545000 	/usr/lib/system/libcommonCrypto.dylib
0x00007ff80d56e000 	/usr/lib/system/libcompiler_rt.dylib
0x00007ff80d564000 	/usr/lib/system/libcopyfile.dylib
0x00007ff802539000 	/usr/lib/system/libcorecrypto.dylib
0x00007ff8025f7000 	/usr/lib/system/libdispatch.dylib
0x00007ff8027bb000 	/usr/lib/system/libdyld.dylib
0x00007ff80d580000 	/usr/lib/system/libkeymgr.dylib
0x00007ff80d523000 	/usr/lib/system/libmacho.dylib
0x00007ff80cba2000 	/usr/lib/system/libquarantine.dylib
0x00007ff80d57e000 	/usr/lib/system/libremovefile.dylib
0x00007ff807735000 	/usr/lib/system/libsystem_asl.dylib
0x00007ff8024e2000 	/usr/lib/system/libsystem_blocks.dylib
0x00007ff80267f000 	/usr/lib/system/libsystem_c.dylib
0x00007ff80d576000 	/usr/lib/system/libsystem_collections.dylib
0x00007ff80be4f000 	/usr/lib/system/libsystem_configuration.dylib
0x00007ff80b0fb000 	/usr/lib/system/libsystem_containermanager.dylib
0x00007ff80d25c000 	/usr/lib/system/libsystem_coreservices.dylib
0x00007ff804dde000 	/usr/lib/system/libsystem_darwin.dylib
0x00007ff80d581000 	/usr/lib/system/libsystem_dnssd.dylib
0x00007ff80267c000 	/usr/lib/system/libsystem_featureflags.dylib
0x00007ff8027d1000 	/usr/lib/system/libsystem_info.dylib
0x00007ff80d4c1000 	/usr/lib/system/libsystem_m.dylib
0x00007ff8025cb000 	/usr/lib/system/libsystem_malloc.dylib
0x00007ff8076d0000 	/usr/lib/system/libsystem_networkextension.dylib
0x00007ff805204000 	/usr/lib/system/libsystem_notify.dylib
0x00007ff8137ec000 	/usr/lib/system/libsystem_product_info_filter.dylib
0x00007ff80be53000 	/usr/lib/system/libsystem_sandbox.dylib
0x00007ff80d57b000 	/usr/lib/system/libsystem_secinit.dylib
0x00007ff802777000 	/usr/lib/system/libsystem_kernel.dylib
0x00007ff8027c7000 	/usr/lib/system/libsystem_platform.dylib
0x00007ff8027af000 	/usr/lib/system/libsystem_pthread.dylib
0x00007ff808f7d000 	/usr/lib/system/libsystem_symptoms.dylib
0x00007ff802520000 	/usr/lib/system/libsystem_trace.dylib
0x00007ff80d551000 	/usr/lib/system/libunwind.dylib
0x00007ff8024e4000 	/usr/lib/system/libxpc.dylib
0x00007ff802761000 	/usr/lib/libc++abi.dylib
0x00007ff80d55c000 	/usr/lib/liboah.dylib
0x00007ff80dce2000 	/usr/lib/liblzma.5.dylib
0x00007ff803381000 	/System/Library/Frameworks/SystemConfiguration.framework/Versions/A/SystemConfiguration
0x00007ff80d590000 	/usr/lib/libfakelink.dylib
0x00007ff807241000 	/System/Library/Frameworks/CFNetwork.framework/Versions/A/CFNetwork
0x00007ff80d6d1000 	/usr/lib/libarchive.2.dylib
0x00007ff80be5b000 	/System/Library/PrivateFrameworks/AppleSystemInfo.framework/Versions/A/AppleSystemInfo
0x00007ff80cbc9000 	/usr/lib/libbsm.0.dylib
0x00007ff806854000 	/usr/lib/libnetwork.dylib
0x00007ff80d529000 	/usr/lib/system/libkxld.dylib
0x00007ff80c7f5000 	/System/Library/PrivateFrameworks/IOMobileFramebuffer.framework/Versions/A/IOMobileFramebuffer
0x00007ffb19d59000 	/usr/lib/libCoreEntitlements.dylib
0x00007ff80d23e000 	/System/Library/PrivateFrameworks/AppleFSCompression.framework/Versions/A/AppleFSCompression
0x00007ff80cbb1000 	/usr/lib/libcoretls.dylib
0x00007ff80dcfc000 	/usr/lib/libcoretls_cfhelpers.dylib
0x00007ff80d813000 	/usr/lib/libpam.2.dylib
0x00007ff808b9d000 	/usr/lib/libsqlite3.dylib
0x00007ff80dd6b000 	/usr/lib/libxar.1.dylib
0x00007ff80d24e000 	/usr/lib/libbz2.1.0.dylib
0x00007ff80d595000 	/usr/lib/libpcap.A.dylib
0x00007ff808f75000 	/usr/lib/libdns_services.dylib
0x00007ff80d7e3000 	/usr/lib/libapple_nghttp2.dylib
0x00007ff80d5cf000 	/usr/lib/libiconv.2.dylib
0x00007ff80d522000 	/usr/lib/libcharset.1.dylib
0x00007ff809ed0000 	/System/Library/Frameworks/CoreServices.framework/Versions/A/Frameworks/FSEvents.framework/Versions/A/FSEvents
0x00007ff804de8000 	/System/Library/Frameworks/CoreServices.framework/Versions/A/Frameworks/CarbonCore.framework/Versions/A/CarbonCore
0x00007ff8091be000 	/System/Library/Frameworks/CoreServices.framework/Versions/A/Frameworks/Metadata.framework/Versions/A/Metadata
0x00007ff80d261000 	/System/Library/Frameworks/CoreServices.framework/Versions/A/Frameworks/OSServices.framework/Versions/A/OSServices
0x00007ff80d758000 	/System/Library/Frameworks/CoreServices.framework/Versions/A/Frameworks/SearchKit.framework/Versions/A/SearchKit
0x00007ff808f08000 	/System/Library/Frameworks/CoreServices.framework/Versions/A/Frameworks/AE.framework/Versions/A/AE
0x00007ff802cfe000 	/System/Library/Frameworks/CoreServices.framework/Versions/A/Frameworks/LaunchServices.framework/Versions/A/LaunchServices
0x00007ff80dc93000 	/System/Library/Frameworks/CoreServices.framework/Versions/A/Frameworks/DictionaryServices.framework/Versions/A/DictionaryServices
0x00007ff809edd000 	/System/Library/Frameworks/CoreServices.framework/Versions/A/Frameworks/SharedFileList.framework/Versions/A/SharedFileList
0x00007ff80cba5000 	/usr/lib/libCheckFix.dylib
0x00007ff80774c000 	/System/Library/PrivateFrameworks/TCC.framework/Versions/A/TCC
0x00007ff80be61000 	/System/Library/PrivateFrameworks/CoreNLP.framework/Versions/A/CoreNLP
0x00007ff80916e000 	/System/Library/PrivateFrameworks/MetadataUtilities.framework/Versions/A/MetadataUtilities
0x00007ff803431000 	/usr/lib/libmecabra.dylib
0x00007ff80cbd9000 	/usr/lib/libmecab.dylib
0x00007ff8033fc000 	/usr/lib/libCRFSuite.dylib
0x00007ff80cc33000 	/usr/lib/libgermantok.dylib
0x00007ff80d7be000 	/usr/lib/libThaiTokenizer.dylib
0x00007ff809261000 	/System/Library/Frameworks/Accelerate.framework/Versions/A/Frameworks/vImage.framework/Versions/A/vImage
0x00007ff8138ee000 	/System/Library/Frameworks/Accelerate.framework/Versions/A/Frameworks/vecLib.framework/Versions/A/vecLib
0x00007ff80ddac000 	/System/Library/Frameworks/Accelerate.framework/Versions/A/Frameworks/vecLib.framework/Versions/A/libvMisc.dylib
0x00007ff80c620000 	/System/Library/Frameworks/Accelerate.framework/Versions/A/Frameworks/vecLib.framework/Versions/A/libvDSP.dylib
0x00007ff803078000 	/System/Library/Frameworks/Accelerate.framework/Versions/A/Frameworks/vecLib.framework/Versions/A/libBLAS.dylib
0x00007ff80d8f5000 	/System/Library/Frameworks/Accelerate.framework/Versions/A/Frameworks/vecLib.framework/Versions/A/libLAPACK.dylib
0x00007ff80cc36000 	/System/Library/Frameworks/Accelerate.framework/Versions/A/Frameworks/vecLib.framework/Versions/A/libLinearAlgebra.dylib
0x00007ff80d7fb000 	/System/Library/Frameworks/Accelerate.framework/Versions/A/Frameworks/vecLib.framework/Versions/A/libSparseBLAS.dylib
0x00007ff80d8ef000 	/System/Library/Frameworks/Accelerate.framework/Versions/A/Frameworks/vecLib.framework/Versions/A/libQuadrature.dylib
0x00007ff80bf4c000 	/System/Library/Frameworks/Accelerate.framework/Versions/A/Frameworks/vecLib.framework/Versions/A/libBNNS.dylib
0x00007ff803312000 	/System/Library/Frameworks/Accelerate.framework/Versions/A/Frameworks/vecLib.framework/Versions/A/libSparse.dylib
0x00007ff80bf45000 	/System/Library/PrivateFrameworks/LinguisticData.framework/Versions/A/LinguisticData
0x00007ff8032c8000 	/System/Library/PrivateFrameworks/Lexicon.framework/Versions/A/Lexicon
0x00007ff80dda5000 	/usr/lib/libChineseTokenizer.dylib
0x00007ff803a2a000 	/System/Library/PrivateFrameworks/LanguageModeling.framework/Versions/A/LanguageModeling
0x00007ff80d7c0000 	/System/Library/PrivateFrameworks/AppleSauce.framework/Versions/A/AppleSauce
0x00007ff80c7e3000 	/System/Library/PrivateFrameworks/CoreEmoji.framework/Versions/A/CoreEmoji
0x00007ff80d6c0000 	/usr/lib/libcmph.dylib
0x00007ff809eb4000 	/System/Library/Frameworks/OpenDirectory.framework/Versions/A/Frameworks/CFOpenDirectory.framework/Versions/A/CFOpenDirectory
0x00007ff809ea8000 	/System/Library/Frameworks/OpenDirectory.framework/Versions/A/OpenDirectory
0x00007ff80dcfe000 	/System/Library/PrivateFrameworks/APFS.framework/Versions/A/APFS
0x00007ff80cb00000 	/System/Library/Frameworks/SecurityFoundation.framework/Versions/A/SecurityFoundation
0x00007ff80dd79000 	/usr/lib/libutil.dylib
0x00007ff805112000 	/System/Library/PrivateFrameworks/CoreServicesStore.framework/Versions/A/CoreServicesStore
0x00007ff80dd7d000 	/usr/lib/libxslt.1.dylib
0x00007ff80cb8d000 	/System/Library/PrivateFrameworks/BackgroundTaskManagement.framework/Versions/A/BackgroundTaskManagement
0x00007ff80f1e8000 	/System/Library/Frameworks/ImageIO.framework/Versions/A/Resources/libRadiance.dylib
0x00007ff80f1f1000 	/System/Library/Frameworks/ImageIO.framework/Versions/A/Resources/libJPEG.dylib
0x00007ff80f142000 	/System/Library/Frameworks/ImageIO.framework/Versions/A/Resources/libPng.dylib
0x00007ff80f163000 	/System/Library/Frameworks/ImageIO.framework/Versions/A/Resources/libTIFF.dylib
0x00007ff80f251000 	/System/Library/Frameworks/ImageIO.framework/Versions/A/Resources/libGIF.dylib
0x00007ff80ea7d000 	/System/Library/Frameworks/ImageIO.framework/Versions/A/Resources/libJP2.dylib
0x00007ff80e1bb000 	/usr/lib/libexpat.1.dylib
0x00007ff80ea32000 	/System/Library/PrivateFrameworks/AppleJPEG.framework/Versions/A/AppleJPEG
0x00007ff80b395000 	/System/Library/PrivateFrameworks/FontServices.framework/libFontParser.dylib
0x00007ff808eb2000 	/System/Library/PrivateFrameworks/RunningBoardServices.framework/Versions/A/RunningBoardServices
0x00007ff819b9d000 	/System/Library/PrivateFrameworks/IOSurfaceAccelerator.framework/Versions/A/IOSurfaceAccelerator
0x00007ff80eb5f000 	/System/Library/PrivateFrameworks/WatchdogClient.framework/Versions/A/WatchdogClient
0x00007ff803b18000 	/System/Library/Frameworks/CoreDisplay.framework/Versions/A/CoreDisplay
0x00007ff80b293000 	/System/Library/Frameworks/CoreMedia.framework/Versions/A/CoreMedia
0x00007ff80b12a000 	/System/Library/PrivateFrameworks/IOAccelerator.framework/Versions/A/IOAccelerator
0x00007ff80a031000 	/System/Library/Frameworks/CoreVideo.framework/Versions/A/CoreVideo
0x00007ff80d811000 	/System/Library/Frameworks/MetalPerformanceShaders.framework/Versions/A/MetalPerformanceShaders
0x00007ff80eb9c000 	/System/Library/Frameworks/VideoToolbox.framework/Versions/A/VideoToolbox
0x00007ff808dfc000 	/System/Library/PrivateFrameworks/BaseBoard.framework/Versions/A/BaseBoard
0x00007ff808b83000 	/System/Library/PrivateFrameworks/ProtocolBuffer.framework/Versions/A/ProtocolBuffer
0x00007ff80f1e1000 	/System/Library/PrivateFrameworks/GPUWrangler.framework/Versions/A/GPUWrangler
0x00007ff80f1c5000 	/System/Library/PrivateFrameworks/IOPresentment.framework/Versions/A/IOPresentment
0x00007ff80f1eb000 	/System/Library/PrivateFrameworks/DSExternalDisplay.framework/Versions/A/DSExternalDisplay
0x00007ffa1a846000 	/System/Library/Frameworks/OpenGL.framework/Versions/A/Libraries/libCoreFSCache.dylib
0x00007ffb07502000 	/System/Library/PrivateFrameworks/GPUCompiler.framework/Versions/31001/Libraries/libGPUCompilerUtils.dylib
0x00007ff80f256000 	/System/Library/PrivateFrameworks/CMCaptureCore.framework/Versions/A/CMCaptureCore
0x00007ff80e763000 	/System/Library/PrivateFrameworks/AppServerSupport.framework/Versions/A/AppServerSupport
0x00007ff810a22000 	/System/Library/PrivateFrameworks/perfdata.framework/Versions/A/perfdata
0x00007ff803c44000 	/System/Library/PrivateFrameworks/AudioToolboxCore.framework/Versions/A/AudioToolboxCore
0x00007ff80b271000 	/System/Library/PrivateFrameworks/caulk.framework/Versions/A/caulk
0x00007ff810334000 	/usr/lib/libAudioStatistics.dylib
0x00007ff907adc000 	/System/Library/PrivateFrameworks/SystemPolicy.framework/Versions/A/SystemPolicy
0x00007ff81058f000 	/usr/lib/libSMC.dylib
0x00007ff819498000 	/System/Library/Frameworks/CoreMIDI.framework/Versions/A/CoreMIDI
0x00007ff80f111000 	/usr/lib/libAudioToolboxUtility.dylib
0x00007ff903d7f000 	/System/Library/PrivateFrameworks/OSAServicesClient.framework/Versions/A/OSAServicesClient
0x00007ff810a2f000 	/usr/lib/libperfcheck.dylib
0x00007ff908586000 	/usr/lib/libmis.dylib
0x00007ffa1a8a1000 	/System/Library/Frameworks/OpenGL.framework/Versions/A/Libraries/libGLU.dylib
0x00007ffa1a865000 	/System/Library/Frameworks/OpenGL.framework/Versions/A/Libraries/libGFXShared.dylib
0x00007ffa1aa6e000 	/System/Library/Frameworks/OpenGL.framework/Versions/A/Libraries/libGL.dylib
0x00007ffa1a86e000 	/System/Library/Frameworks/OpenGL.framework/Versions/A/Libraries/libGLImage.dylib
0x00007ffa1a862000 	/System/Library/Frameworks/OpenGL.framework/Versions/A/Libraries/libCVMSPluginSupport.dylib
0x00007ffa1a84d000 	/System/Library/Frameworks/OpenGL.framework/Versions/A/Libraries/libCoreVMClient.dylib
0x00007ff80bddd000 	/System/Library/Frameworks/MetalPerformanceShaders.framework/Versions/A/Frameworks/MPSCore.framework/Versions/A/MPSCore
0x00007ff80d1a9000 	/System/Library/Frameworks/MetalPerformanceShaders.framework/Versions/A/Frameworks/MPSImage.framework/Versions/A/MPSImage
0x00007ff80cc4c000 	/System/Library/Frameworks/MetalPerformanceShaders.framework/Versions/A/Frameworks/MPSNeuralNetwork.framework/Versions/A/MPSNeuralNetwork
0x00007ff80d0c0000 	/System/Library/Frameworks/MetalPerformanceShaders.framework/Versions/A/Frameworks/MPSMatrix.framework/Versions/A/MPSMatrix
0x00007ff80ce7b000 	/System/Library/Frameworks/MetalPerformanceShaders.framework/Versions/A/Frameworks/MPSRayIntersector.framework/Versions/A/MPSRayIntersector
0x00007ff80d0f8000 	/System/Library/Frameworks/MetalPerformanceShaders.framework/Versions/A/Frameworks/MPSNDArray.framework/Versions/A/MPSNDArray
0x00007ffa1f7ce000 	/System/Library/Frameworks/MetalPerformanceShaders.framework/Versions/A/Frameworks/MPSFunctions.framework/Versions/A/MPSFunctions
0x00007ff802f55000 	/System/Library/PrivateFrameworks/MetalTools.framework/Versions/A/MetalTools
0x00007ff80be59000 	/System/Library/PrivateFrameworks/AggregateDictionary.framework/Versions/A/AggregateDictionary
0x00007ff80df9d000 	/usr/lib/libIOReport.dylib
0x00007ffa1be7d000 	/System/Library/Frameworks/OpenCL.framework/Versions/A/OpenCL
0x00007ff80e301000 	/System/Library/PrivateFrameworks/FaceCore.framework/Versions/A/FaceCore
0x00007ff80e2f2000 	/System/Library/PrivateFrameworks/GraphVisualizer.framework/Versions/A/GraphVisualizer
0x00007ffb0740d000 	/System/Library/PrivateFrameworks/FontServices.framework/Versions/A/FontServices
0x00007ff80e71b000 	/System/Library/PrivateFrameworks/OTSVG.framework/Versions/A/OTSVG
0x00007ff809c18000 	/System/Library/Frameworks/ApplicationServices.framework/Versions/A/Frameworks/ATS.framework/Versions/A/Resources/libFontRegistry.dylib
0x00007ff80e76b000 	/System/Library/PrivateFrameworks/FontServices.framework/libhvf.dylib
0x00007ffb0740e000 	/System/Library/PrivateFrameworks/FontServices.framework/libXTFontStaticRegistryData.dylib
0x00007ff80e16b000 	/System/Library/PrivateFrameworks/AppleVA.framework/Versions/A/AppleVA
0x00007ff810354000 	/System/Library/Frameworks/ApplicationServices.framework/Versions/A/Frameworks/ATS.framework/Versions/A/ATS
0x00007ff8082ca000 	/System/Library/Frameworks/ApplicationServices.framework/Versions/A/Frameworks/HIServices.framework/Versions/A/HIServices
0x00007ff80f260000 	/System/Library/Frameworks/ApplicationServices.framework/Versions/A/Frameworks/PrintCore.framework/Versions/A/PrintCore
0x00007ff8106e2000 	/System/Library/Frameworks/ApplicationServices.framework/Versions/A/Frameworks/QD.framework/Versions/A/QD
0x00007ff8106da000 	/System/Library/Frameworks/ApplicationServices.framework/Versions/A/Frameworks/ColorSyncLegacy.framework/Versions/A/ColorSyncLegacy
0x00007ff810344000 	/System/Library/Frameworks/ApplicationServices.framework/Versions/A/Frameworks/SpeechSynthesis.framework/Versions/A/SpeechSynthesis
0x00007ff80f221000 	/System/Library/Frameworks/ApplicationServices.framework/Versions/A/Frameworks/ATSUI.framework/Versions/A/ATSUI
0x00007ff81066f000 	/usr/lib/libcups.2.dylib
0x00007ff810a3e000 	/System/Library/Frameworks/Kerberos.framework/Versions/A/Kerberos
0x00007ff810a4d000 	/System/Library/Frameworks/GSS.framework/Versions/A/GSS
0x00007ff8103c0000 	/usr/lib/libresolv.9.dylib
0x00007ff80e77a000 	/System/Library/PrivateFrameworks/Heimdal.framework/Versions/A/Heimdal
0x00007ff81761a000 	/System/Library/Frameworks/Kerberos.framework/Versions/A/Libraries/libHeimdalProxy.dylib
0x00007ff808f85000 	/System/Library/Frameworks/Network.framework/Versions/A/Network
0x00007ff80e1d5000 	/usr/lib/libheimdal-asn1.dylib
0x00007ff810a98000 	/System/Library/PrivateFrameworks/CommonAuth.framework/Versions/A/CommonAuth
0x00007ff8102c6000 	/System/Library/PrivateFrameworks/AudioSession.framework/Versions/A/AudioSession
0x00007ff80e265000 	/System/Library/PrivateFrameworks/MediaExperience.framework/Versions/A/MediaExperience
0x00007ff810159000 	/System/Library/PrivateFrameworks/AudioSession.framework/libSessionUtility.dylib
0x00007ff8106ee000 	/System/Library/PrivateFrameworks/AudioResourceArbitration.framework/Versions/A/AudioResourceArbitration
0x00007ff814761000 	/System/Library/PrivateFrameworks/PowerLog.framework/Versions/A/PowerLog
0x00007ff80e1de000 	/System/Library/PrivateFrameworks/IconFoundation.framework/Versions/A/IconFoundation
0x00007ff813517000 	/System/Library/PrivateFrameworks/SpeechRecognitionCore.framework/Versions/A/SpeechRecognitionCore
0x00007ffa0caed000 	/System/Library/CoreServices/Encodings/libLatin2Converter.dylib
0x000000011041c000 	/Library/Java/JavaVirtualMachines/jdk-11.0.15.jdk/Contents/Home/lib/server/libjvm.dylib
0x000000010f6cd000 	/Library/Java/JavaVirtualMachines/jdk-11.0.15.jdk/Contents/Home/lib/libverify.dylib
0x000000010f709000 	/Library/Java/JavaVirtualMachines/jdk-11.0.15.jdk/Contents/Home/lib/libjava.dylib
0x000000010f6dd000 	/Library/Java/JavaVirtualMachines/jdk-11.0.15.jdk/Contents/Home/lib/libjimage.dylib
0x000000010f6f6000 	/Library/Java/JavaVirtualMachines/jdk-11.0.15.jdk/Contents/Home/lib/libzip.dylib
0x000000010ff8c000 	/Library/Java/JavaVirtualMachines/jdk-11.0.15.jdk/Contents/Home/lib/libnio.dylib
0x000000010ffb7000 	/Library/Java/JavaVirtualMachines/jdk-11.0.15.jdk/Contents/Home/lib/libnet.dylib
0x000000010ff9e000 	/Users/humptydumpty/.openjfx/cache/11.0.2/libprism_es2.dylib
0x00007ff8050d4000 	/System/Library/PrivateFrameworks/CoreServicesInternal.framework/Versions/A/CoreServicesInternal
0x00007ffa1aa79000 	/System/Library/Frameworks/OpenGL.framework/Versions/A/Resources/GLEngine.bundle/GLEngine
0x00007ffa1a8df000 	/System/Library/Frameworks/OpenGL.framework/Versions/A/Libraries/libGLProgrammability.dylib
0x00007ffa1324d000 	/System/Library/Extensions/AppleIntelBDWGraphicsGLDriver.bundle/Contents/MacOS/AppleIntelBDWGraphicsGLDriver
0x00007ff9126c0000 	/System/Library/PrivateFrameworks/GPUSupport.framework/Versions/A/Libraries/libGPUSupportMercury.dylib
0x00007ffa1ac03000 	/System/Library/Frameworks/OpenGL.framework/Versions/A/Resources/GLRendererFloat.bundle/GLRendererFloat
0x000000011ee0d000 	/Users/humptydumpty/.openjfx/cache/11.0.2/libglass.dylib
0x00007ff814d52000 	/System/Library/Frameworks/FileProvider.framework/Versions/A/FileProvider
0x00007ff808d69000 	/System/Library/Frameworks/Accounts.framework/Versions/A/Accounts
0x00007ff814ecb000 	/System/Library/PrivateFrameworks/GenerationalStorage.framework/Versions/A/GenerationalStorage
0x00007ff8159de000 	/System/Library/PrivateFrameworks/CoreSymbolication.framework/Versions/A/CoreSymbolication
0x00007ff814756000 	/System/Library/PrivateFrameworks/SymptomDiagnosticReporter.framework/Versions/A/SymptomDiagnosticReporter
0x00007ff806392000 	/System/Library/PrivateFrameworks/DesktopServicesPriv.framework/Versions/A/DesktopServicesPriv
0x00007ff805213000 	/usr/lib/libsandbox.1.dylib
0x00007ff80a0b0000 	/System/Library/PrivateFrameworks/UserManagement.framework/Versions/A/UserManagement
0x00007ff8159a3000 	/System/Library/PrivateFrameworks/DebugSymbols.framework/Versions/A/DebugSymbols
0x00007ff8106cf000 	/System/Library/PrivateFrameworks/NetAuth.framework/Versions/A/NetAuth
0x00007ff8115dc000 	/System/Library/PrivateFrameworks/Sharing.framework/Versions/A/Sharing
0x00007ff80a083000 	/System/Library/PrivateFrameworks/login.framework/Versions/A/Frameworks/loginsupport.framework/Versions/A/loginsupport
0x00007ff816b41000 	/System/Library/PrivateFrameworks/Apple80211.framework/Versions/A/Apple80211
0x00007ff80d28e000 	/System/Library/PrivateFrameworks/AuthKit.framework/Versions/A/AuthKit
0x00007ff80c8d9000 	/System/Library/PrivateFrameworks/CoreUtils.framework/Versions/A/CoreUtils
0x00007ff80c800000 	/System/Library/Frameworks/CoreWLAN.framework/Versions/A/CoreWLAN
0x00007ff81173b000 	/System/Library/Frameworks/IOBluetooth.framework/Versions/A/IOBluetooth
0x00007ff816ba9000 	/System/Library/PrivateFrameworks/CoreWiFi.framework/Versions/A/CoreWiFi
0x00007ff815575000 	/System/Library/PrivateFrameworks/FrontBoardServices.framework/Versions/A/FrontBoardServices
0x00007ff815606000 	/System/Library/PrivateFrameworks/BoardServices.framework/Versions/A/BoardServices
0x00007ff80caef000 	/System/Library/PrivateFrameworks/AssertionServices.framework/Versions/A/AssertionServices
0x00007ff816d2c000 	/System/Library/PrivateFrameworks/BackBoardServices.framework/Versions/A/BackBoardServices
0x00007ff810b29000 	/System/Library/PrivateFrameworks/CorePhoneNumbers.framework/Versions/A/CorePhoneNumbers
0x00007ff814873000 	/System/Library/PrivateFrameworks/DiskManagement.framework/Versions/A/DiskManagement
0x00007ff814787000 	/System/Library/PrivateFrameworks/AppleIDAuthSupport.framework/Versions/A/AppleIDAuthSupport
0x00007ffa21d8f000 	/System/Library/PrivateFrameworks/AAAFoundation.framework/Versions/A/AAAFoundation
0x00007ff810b0a000 	/System/Library/PrivateFrameworks/KeychainCircle.framework/Versions/A/KeychainCircle
0x00007ff81483f000 	/System/Library/PrivateFrameworks/MediaKit.framework/Versions/A/MediaKit
0x00007ff814793000 	/System/Library/Frameworks/DiscRecording.framework/Versions/A/DiscRecording
0x00007ff80e0e3000 	/usr/lib/libCoreStorage.dylib
0x00007ff81701a000 	/usr/lib/libcsfde.dylib
0x00007ff811808000 	/System/Library/PrivateFrameworks/ProtectedCloudStorage.framework/Versions/A/ProtectedCloudStorage
0x00007ff817016000 	/System/Library/PrivateFrameworks/EFILogin.framework/Versions/A/EFILogin
0x00007ff814ef1000 	/System/Library/PrivateFrameworks/OctagonTrust.framework/Versions/A/OctagonTrust
0x00007ffb0667c000 	/System/Library/PrivateFrameworks/CoreUtilsExtras.framework/Versions/A/CoreUtilsExtras
0x00007ff8146ba000 	/System/Library/Frameworks/CoreBluetooth.framework/Versions/A/CoreBluetooth
0x00007ff81769f000 	/System/Library/Frameworks/AudioUnit.framework/Versions/A/AudioUnit
0x00007ff80e0db000 	/usr/lib/libMatch.1.dylib
0x00007ff90cb5f000 	/System/Library/Frameworks/Accelerate.framework/Versions/A/Frameworks/vImage.framework/Versions/A/Libraries/libCGInterfaces.dylib
0x000000011f1f6000 	/usr/lib/libobjc-trampolines.dylib
0x00007ff809da8000 	/System/Library/PrivateFrameworks/ViewBridge.framework/Versions/A/ViewBridge
0x00000001322c0000 	/Users/humptydumpty/.openjfx/cache/11.0.2/libjavafx_iio.dylib
0x000000013229b000 	/Users/humptydumpty/.openjfx/cache/11.0.2/libjavafx_font.dylib
0x00007ff80e831000 	/System/Library/PrivateFrameworks/login.framework/Versions/A/login
0x00007ffb19e68000 	/usr/lib/libRosetta.dylib
0x00007ff813c33000 	/System/Library/PrivateFrameworks/SystemAdministration.framework/Versions/A/SystemAdministration
0x00007ff80f48a000 	/System/Library/Frameworks/MediaToolbox.framework/Versions/A/MediaToolbox
0x00007ff8134e3000 	/System/Library/Frameworks/DirectoryService.framework/Versions/A/DirectoryService
0x00007ff816eb8000 	/System/Library/PrivateFrameworks/DiskImages.framework/Versions/A/DiskImages
0x00007ff80cb97000 	/System/Library/Frameworks/ServiceManagement.framework/Versions/A/ServiceManagement
0x00007ff817094000 	/System/Library/PrivateFrameworks/LoginUIKit.framework/Versions/A/Frameworks/LoginUICore.framework/Versions/A/LoginUICore
0x00007ff80e9da000 	/usr/lib/libodfde.dylib
0x00007ff814d22000 	/System/Library/PrivateFrameworks/CoreAVCHD.framework/Versions/A/CoreAVCHD
0x00007ff813bf7000 	/System/Library/Frameworks/MediaAccessibility.framework/Versions/A/MediaAccessibility
0x00007ff814d1e000 	/System/Library/PrivateFrameworks/Mangrove.framework/Versions/A/Mangrove
0x00007ff813c02000 	/System/Library/PrivateFrameworks/AlgosScoreFramework.framework/Versions/A/AlgosScoreFramework
0x00007ffb03976000 	/System/Library/PrivateFrameworks/CMPhoto.framework/Versions/A/CMPhoto
0x00007ff815879000 	/System/Library/PrivateFrameworks/AppleVPA.framework/Versions/A/AppleVPA
0x00007ff814963000 	/System/Library/PrivateFrameworks/CoreAUC.framework/Versions/A/CoreAUC
0x00007ff817026000 	/usr/lib/libcurl.4.dylib
0x00007ffb1a2d4000 	/usr/lib/libcrypto.46.dylib
0x00007ffb1a7c5000 	/usr/lib/libssl.48.dylib
0x00007ff816d4a000 	/System/Library/Frameworks/LDAP.framework/Versions/A/LDAP
0x00007ff816d82000 	/System/Library/PrivateFrameworks/TrustEvaluationAgent.framework/Versions/A/TrustEvaluationAgent
0x00007ff8103d9000 	/usr/lib/libsasl2.2.dylib
0x00007ff813c27000 	/System/Library/PrivateFrameworks/CoreDaemon.framework/Versions/B/CoreDaemon
0x00007ff813c22000 	/System/Library/PrivateFrameworks/AppleSRP.framework/Versions/A/AppleSRP


VM Arguments:
jvm_args: --add-modules=javafx.controls --module-path=/Users/humptydumpty/.gradle/caches/modules-2/files-2.1/org.openjfx/javafx-controls/11.0.2/996371d2868035845572cdb19179dca2bfd1139f/javafx-controls-11.0.2-mac.jar:/Users/humptydumpty/.gradle/caches/modules-2/files-2.1/org.openjfx/javafx-graphics/11.0.2/c1d99ae5bc48e7173f4514a941d27d8f8c972c71/javafx-graphics-11.0.2-mac.jar:/Users/humptydumpty/.gradle/caches/modules-2/files-2.1/org.openjfx/javafx-base/11.0.2/b774922e5da6a56afee221d1a288d179a1342aa9/javafx-base-11.0.2-mac.jar -Dfile.encoding=UTF-8 -Duser.country=PL -Duser.language=pl -Duser.variant 
java_command: snake.SnakeGame
java_class_path (initial): /Users/humptydumpty/IdeaProjects/kodilla-snake/build/classes/java/main:/Users/humptydumpty/IdeaProjects/kodilla-snake/build/resources/main:/Users/humptydumpty/.gradle/caches/modules-2/files-2.1/org.openjfx/javafx-controls/11.0.2/996371d2868035845572cdb19179dca2bfd1139f/javafx-controls-11.0.2-mac.jar:/Users/humptydumpty/.gradle/caches/modules-2/files-2.1/org.openjfx/javafx-graphics/11.0.2/c1d99ae5bc48e7173f4514a941d27d8f8c972c71/javafx-graphics-11.0.2-mac.jar:/Users/humptydumpty/.gradle/caches/modules-2/files-2.1/org.openjfx/javafx-graphics/11.0.2/e522eb4ea422eceeee207b1c266ba3db19b2343a/javafx-graphics-11.0.2.jar:/Users/humptydumpty/.gradle/caches/modules-2/files-2.1/org.openjfx/javafx-base/11.0.2/b774922e5da6a56afee221d1a288d179a1342aa9/javafx-base-11.0.2-mac.jar:/Users/humptydumpty/.gradle/caches/modules-2/files-2.1/org.openjfx/javafx-base/11.0.2/7fb2e4a8528ec9e434a9ac9ee98b39af79e6dcb8/javafx-base-11.0.2.jar
Launcher Type: SUN_STANDARD

[Global flags]
     intx CICompilerCount                          = 3                                         {product} {ergonomic}
     uint ConcGCThreads                            = 1                                         {product} {ergonomic}
     uint G1ConcRefinementThreads                  = 4                                         {product} {ergonomic}
   size_t G1HeapRegionSize                         = 1048576                                   {product} {ergonomic}
    uintx GCDrainStackTargetSize                   = 64                                        {product} {ergonomic}
   size_t InitialHeapSize                          = 67108864                                  {product} {ergonomic}
   size_t MarkStackSize                            = 4194304                                   {product} {ergonomic}
   size_t MaxHeapSize                              = 1073741824                                {product} {ergonomic}
   size_t MaxNewSize                               = 643825664                                 {product} {ergonomic}
   size_t MinHeapDeltaBytes                        = 1048576                                   {product} {ergonomic}
    uintx NonNMethodCodeHeapSize                   = 5830732                                {pd product} {ergonomic}
    uintx NonProfiledCodeHeapSize                  = 122913754                              {pd product} {ergonomic}
    uintx ProfiledCodeHeapSize                     = 122913754                              {pd product} {ergonomic}
    uintx ReservedCodeCacheSize                    = 251658240                              {pd product} {ergonomic}
     bool SegmentedCodeCache                       = true                                      {product} {ergonomic}
     bool UseCompressedClassPointers               = true                                 {lp64_product} {ergonomic}
     bool UseCompressedOops                        = true                                 {lp64_product} {ergonomic}
     bool UseG1GC                                  = true                                      {product} {ergonomic}

Logging:
Log output configuration:
 #0: stdout all=warning uptime,level,tags
 #1: stderr all=off uptime,level,tags

Environment Variables:
PATH=/usr/local/bin:/usr/bin:/bin:/usr/sbin:/sbin
SHELL=/bin/bash

Signal Handlers:
SIGSEGV: [libjvm.dylib+0x78aa18], sa_mask[0]=11111111011111110111111111111111, sa_flags=SA_ONSTACK|SA_RESTART|SA_SIGINFO
SIGBUS: [libjvm.dylib+0x78aa18], sa_mask[0]=11111111011111110111111111111111, sa_flags=SA_RESTART|SA_SIGINFO
SIGFPE: [libjvm.dylib+0x78aa18], sa_mask[0]=11111111011111110111111111111111, sa_flags=SA_RESTART|SA_SIGINFO
SIGPIPE: [libjvm.dylib+0x63d5a5], sa_mask[0]=11111111011111110111111111111111, sa_flags=SA_RESTART|SA_SIGINFO
SIGXFSZ: [libjvm.dylib+0x63d5a5], sa_mask[0]=11111111011111110111111111111111, sa_flags=SA_RESTART|SA_SIGINFO
SIGILL: [libjvm.dylib+0x78aa18], sa_mask[0]=11111111011111110111111111111111, sa_flags=SA_RESTART|SA_SIGINFO
SIGUSR2: [libjvm.dylib+0x63db7a], sa_mask[0]=00100000000000000000000000000000, sa_flags=SA_RESTART|SA_SIGINFO
SIGHUP: [libjvm.dylib+0x63c67d], sa_mask[0]=11111111011111110111111111111111, sa_flags=SA_RESTART|SA_SIGINFO
SIGINT: [libjvm.dylib+0x63c67d], sa_mask[0]=11111111011111110111111111111111, sa_flags=SA_RESTART|SA_SIGINFO
SIGTERM: [libjvm.dylib+0x63c67d], sa_mask[0]=11111111011111110111111111111111, sa_flags=SA_RESTART|SA_SIGINFO
SIGQUIT: [libjvm.dylib+0x63c67d], sa_mask[0]=11111111011111110111111111111111, sa_flags=SA_RESTART|SA_SIGINFO


---------------  S Y S T E M  ---------------

OS:uname:Darwin 21.4.0 Darwin Kernel Version 21.4.0: Fri Mar 18 00:45:05 PDT 2022; root:xnu-8020.101.4~15/RELEASE_X86_64 x86_64
rlimit: STACK 8192k, CORE 0k, NPROC 1392, NOFILE 10240, AS infinity, DATA infinity, FSIZE infinity
load average:6.74 6.51 4.60

CPU:total 4 (initial active 4) (2 cores per cpu, 2 threads per core) family 6 model 61 stepping 4 microcode 0x2f, cmov, cx8, fxsr, mmx, sse, sse2, sse3, ssse3, sse4.1, sse4.2, popcnt, avx, avx2, aes, clmul, erms, 3dnowpref, lzcnt, ht, tsc, tscinvbit, bmi1, bmi2, adx, fma

Memory: 4k page, physical 4194304k(58700k free)

vm_info: Java HotSpot(TM) 64-Bit Server VM (11.0.15+8-LTS-149) for bsd-amd64 JRE (11.0.15+8-LTS-149), built on Mar  9 2022 22:44:40 by "mach5one" with gcc 4.2.1 Compatible Apple LLVM 11.0.0 (clang-1100.0.33.17)

END.
