#
# A fatal error has been detected by the Java Runtime Environment:
#
#  Internal Error (safepoint.cpp:919), pid=6260, tid=36099
#  fatal error: Illegal threadstate encountered: 4
#
# JRE version: Java(TM) SE Runtime Environment 18.9 (11.0.15+8) (build 11.0.15+8-LTS-149)
# Java VM: Java HotSpot(TM) 64-Bit Server VM 18.9 (11.0.15+8-LTS-149, mixed mode, tiered, compressed oops, g1 gc, bsd-amd64)
# No core dump will be written. Core dumps have been disabled. To enable core dumping, try "ulimit -c unlimited" before starting Java again
#
# If you would like to submit a bug report, please visit:
#   https://bugreport.java.com/bugreport/crash.jsp
# The crash happened outside the Java Virtual Machine in native code.
# See problematic frame for where to report the bug.
#

---------------  S U M M A R Y ------------

Command Line: --add-modules=javafx.controls --module-path=/Users/humptydumpty/.gradle/caches/modules-2/files-2.1/org.openjfx/javafx-controls/11.0.2/996371d2868035845572cdb19179dca2bfd1139f/javafx-controls-11.0.2-mac.jar:/Users/humptydumpty/.gradle/caches/modules-2/files-2.1/org.openjfx/javafx-graphics/11.0.2/c1d99ae5bc48e7173f4514a941d27d8f8c972c71/javafx-graphics-11.0.2-mac.jar:/Users/humptydumpty/.gradle/caches/modules-2/files-2.1/org.openjfx/javafx-base/11.0.2/b774922e5da6a56afee221d1a288d179a1342aa9/javafx-base-11.0.2-mac.jar -Dfile.encoding=UTF-8 -Duser.country=PL -Duser.language=pl -Duser.variant snake.SnakeGame

Host: MacBookAir7,2 x86_64 1600 MHz, 4 cores, 4G, Darwin 21.4.0
Time: Thu May 12 11:41:37 2022 CEST elapsed time: 5.952491 seconds (0d 0h 0m 5s)

---------------  T H R E A D  ---------------

Current thread (0x00007fd21719a800):  JavaThread "InvokeLaterDispatcher" daemon [_thread_in_native, id=36099, stack(0x000070000a7a7000,0x000070000a8a7000)]

Stack: [0x000070000a7a7000,0x000070000a8a7000],  sp=0x000070000a8a5290,  free space=1016k
Native frames: (J=compiled Java code, j=interpreted, Vv=VM code, C=native code)
V  [libjvm.dylib+0x789b86]  _ZN7VMError14report_and_dieEiPKcS1_P13__va_list_tagP6ThreadPhPvS7_S1_im+0x54c
V  [libjvm.dylib+0x2567a4]  _Z12report_fatal11VMErrorTypePKciS1_z+0xbc
V  [libjvm.dylib+0x6a9dc8]  _ZN20SafepointSynchronize5blockEP10JavaThread+0x1d8
V  [libjvm.dylib+0x6ab931]  _ZN18SafepointMechanism23block_if_requested_slowEP10JavaThread+0x1d
V  [libjvm.dylib+0x7393d8]  _ZN10JavaThread44check_safepoint_and_suspend_for_native_transEPS_+0x9c
V  [libjvm.dylib+0x3cfdf4]  jni_DeleteGlobalRef+0x91
C  [libglass.dylib+0x8851]  -[GlassRunnable dealloc]+0x31
C  [Foundation+0x81bee]  -[_NSThreadPerformInfo dealloc]+0x2a
C  [Foundation+0x4e496]  -[NSObject(NSThreadPerformAdditions) performSelectorOnMainThread:withObject:waitUntilDone:]+0x7c
j  com.sun.glass.ui.mac.MacApplication._submitForLaterInvocation(Ljava/lang/Runnable;)V+0 javafx.graphics
j  com.sun.glass.ui.mac.MacApplication.submitForLaterInvocation(Ljava/lang/Runnable;)V+2 javafx.graphics
j  com.sun.glass.ui.InvokeLaterDispatcher.run()V+82 javafx.graphics
v  ~StubRoutines::call_stub
V  [libjvm.dylib+0x39135f]  _ZN9JavaCalls11call_helperEP9JavaValueRK12methodHandleP17JavaCallArgumentsP6Thread+0x207
V  [libjvm.dylib+0x3907d7]  _ZN9JavaCalls12call_virtualEP9JavaValueP5KlassP6SymbolS5_P17JavaCallArgumentsP6Thread+0xe9
V  [libjvm.dylib+0x390892]  _ZN9JavaCalls12call_virtualEP9JavaValue6HandleP5KlassP6SymbolS6_P6Thread+0x62
V  [libjvm.dylib+0x41863b]  _ZL12thread_entryP10JavaThreadP6Thread+0x78
V  [libjvm.dylib+0x737e2a]  _ZN10JavaThread17thread_main_innerEv+0x82
V  [libjvm.dylib+0x737c7b]  _ZN10JavaThread3runEv+0x121
V  [libjvm.dylib+0x735b3e]  _ZN6Thread8call_runEv+0x68
V  [libjvm.dylib+0x63b5c0]  _ZL19thread_native_entryP6Thread+0x136
C  [libsystem_pthread.dylib+0x64e1]  _pthread_start+0x7d
C  [libsystem_pthread.dylib+0x1f6b]  thread_start+0xf

Java frames: (J=compiled Java code, j=interpreted, Vv=VM code)
j  com.sun.glass.ui.mac.MacApplication._submitForLaterInvocation(Ljava/lang/Runnable;)V+0 javafx.graphics
j  com.sun.glass.ui.mac.MacApplication.submitForLaterInvocation(Ljava/lang/Runnable;)V+2 javafx.graphics
j  com.sun.glass.ui.InvokeLaterDispatcher.run()V+82 javafx.graphics
v  ~StubRoutines::call_stub

---------------  P R O C E S S  ---------------

Threads class SMR info:
_java_thread_list=0x0000600003d250a0, length=14, elements={
0x00007fd21700e800, 0x00007fd21704e800, 0x00007fd217051000, 0x00007fd217054800,
0x00007fd217055000, 0x00007fd217060000, 0x00007fd217061000, 0x00007fd217062000,
0x00007fd21904d800, 0x00007fd2188dc800, 0x00007fd21719a800, 0x00007fd2191cf000,
0x00007fd217202000, 0x00007fd2181be000
}

Java Threads: ( => current thread )
  0x00007fd21700e800 JavaThread "main" [_thread_blocked, id=9987, stack(0x000070000956e000,0x000070000966e000)]
  0x00007fd21704e800 JavaThread "Reference Handler" daemon [_thread_blocked, id=15107, stack(0x0000700009c83000,0x0000700009d83000)]
  0x00007fd217051000 JavaThread "Finalizer" daemon [_thread_blocked, id=15619, stack(0x0000700009d86000,0x0000700009e86000)]
  0x00007fd217054800 JavaThread "Signal Dispatcher" daemon [_thread_blocked, id=16899, stack(0x0000700009f8f000,0x000070000a08f000)]
  0x00007fd217055000 JavaThread "Service Thread" daemon [_thread_blocked, id=21763, stack(0x000070000a092000,0x000070000a192000)]
  0x00007fd217060000 JavaThread "C2 CompilerThread0" daemon [_thread_in_native, id=22275, stack(0x000070000a195000,0x000070000a295000)]
  0x00007fd217061000 JavaThread "C1 CompilerThread0" daemon [_thread_blocked, id=43011, stack(0x000070000a298000,0x000070000a398000)]
  0x00007fd217062000 JavaThread "Sweeper thread" daemon [_thread_blocked, id=42755, stack(0x000070000a39b000,0x000070000a49b000)]
  0x00007fd21904d800 JavaThread "Common-Cleaner" daemon [_thread_blocked, id=41987, stack(0x000070000a49e000,0x000070000a59e000)]
  0x00007fd2188dc800 JavaThread "QuantumRenderer-0" daemon [_thread_blocked, id=41219, stack(0x000070000a6a4000,0x000070000a7a4000)]
=>0x00007fd21719a800 JavaThread "InvokeLaterDispatcher" daemon [_thread_in_native, id=36099, stack(0x000070000a7a7000,0x000070000a8a7000)]
  0x00007fd2191cf000 JavaThread "JavaFX Application Thread" [_thread_in_native_trans, id=259, stack(0x00007ff7b1a1b000,0x00007ff7b221b000)]
  0x00007fd217202000 JavaThread "Thread-2" daemon [_thread_in_native, id=46855, stack(0x000070000aa30000,0x000070000aab0000)]
  0x00007fd2181be000 JavaThread "JavaFX-Launcher" [_thread_blocked, id=81155, stack(0x000070000ab36000,0x000070000ac36000)]

Other Threads:
  0x00007fd21704d800 VMThread "VM Thread" [stack: 0x0000700009b80000,0x0000700009c80000] [id=19971]
  0x00007fd218009000 WatcherThread [stack: 0x000070000a5a1000,0x000070000a6a1000] [id=23555]
  0x00007fd218809800 GCTaskThread "GC Thread#0" [stack: 0x0000700009671000,0x0000700009771000] [id=11779]
  0x00007fd2191c4800 GCTaskThread "GC Thread#1" [stack: 0x000070000a8aa000,0x000070000a9aa000] [id=26883]
  0x00007fd21958f000 GCTaskThread "GC Thread#2" [stack: 0x000070000ad3f000,0x000070000ae3f000] [id=1975]
  0x00007fd2193c7000 GCTaskThread "GC Thread#3" [stack: 0x000070000ae42000,0x000070000af42000] [id=69387]
  0x00007fd218826800 ConcurrentGCThread "G1 Main Marker" [stack: 0x0000700009774000,0x0000700009874000] [id=21251]
  0x00007fd218827800 ConcurrentGCThread "G1 Conc#0" [stack: 0x0000700009877000,0x0000700009977000] [id=20995]
  0x00007fd217036800 ConcurrentGCThread "G1 Refine#0" [stack: 0x000070000997a000,0x0000700009a7a000] [id=20739]
  0x00007fd217037800 ConcurrentGCThread "G1 Young RemSet Sampling" [stack: 0x0000700009a7d000,0x0000700009b7d000] [id=20483]

Threads with active compile tasks:
C2 CompilerThread0   5983 2281       4       com.sun.javafx.geom.RectBounds::deriveWithNewBounds (80 bytes)

VM state:not at safepoint (normal execution)

VM Mutex/Monitor currently owned by a thread: None

Heap address: 0x00000007c0000000, size: 1024 MB, Compressed Oops mode: Zero based, Oop shift amount: 3
Narrow klass base: 0x0000000800000000, Narrow klass shift: 0
Compressed class space size: 1073741824 Address: 0x0000000800000000

Heap:
 garbage-first heap   total 65536K, used 7886K [0x00000007c0000000, 0x0000000800000000)
  region size 1024K, 5 young (5120K), 4 survivors (4096K)
 Metaspace       used 16237K, capacity 16651K, committed 17024K, reserved 1064960K
  class space    used 1843K, capacity 2050K, committed 2176K, reserved 1048576K
Heap Regions: E=young(eden), S=young(survivor), O=old, HS=humongous(starts), HC=humongous(continues), CS=collection set, F=free, A=archive, TAMS=top-at-mark-start (previous, next)
|   0|0x00000007c0000000, 0x00000007c0100000, 0x00000007c0100000|100%|HS|  |TAMS 0x00000007c0000000, 0x00000007c0000000| Complete 
|   1|0x00000007c0100000, 0x00000007c0200000, 0x00000007c0200000|100%|HC|  |TAMS 0x00000007c0100000, 0x00000007c0100000| Complete 
|   2|0x00000007c0200000, 0x00000007c0300000, 0x00000007c0300000|100%|HC|  |TAMS 0x00000007c0200000, 0x00000007c0200000| Complete 
|   3|0x00000007c0300000, 0x00000007c0400000, 0x00000007c0400000|100%|HC|  |TAMS 0x00000007c0300000, 0x00000007c0300000| Complete 
|   4|0x00000007c0400000, 0x00000007c0400000, 0x00000007c0500000|  0%| F|  |TAMS 0x00000007c0400000, 0x00000007c0400000| Untracked 
|   5|0x00000007c0500000, 0x00000007c0500000, 0x00000007c0600000|  0%| F|  |TAMS 0x00000007c0500000, 0x00000007c0500000| Untracked 
|   6|0x00000007c0600000, 0x00000007c0600000, 0x00000007c0700000|  0%| F|  |TAMS 0x00000007c0600000, 0x00000007c0600000| Untracked 
|   7|0x00000007c0700000, 0x00000007c0700000, 0x00000007c0800000|  0%| F|  |TAMS 0x00000007c0700000, 0x00000007c0700000| Untracked 
|   8|0x00000007c0800000, 0x00000007c0800000, 0x00000007c0900000|  0%| F|  |TAMS 0x00000007c0800000, 0x00000007c0800000| Untracked 
|   9|0x00000007c0900000, 0x00000007c0900000, 0x00000007c0a00000|  0%| F|  |TAMS 0x00000007c0900000, 0x00000007c0900000| Untracked 
|  10|0x00000007c0a00000, 0x00000007c0a00000, 0x00000007c0b00000|  0%| F|  |TAMS 0x00000007c0a00000, 0x00000007c0a00000| Untracked 
|  11|0x00000007c0b00000, 0x00000007c0b00000, 0x00000007c0c00000|  0%| F|  |TAMS 0x00000007c0b00000, 0x00000007c0b00000| Untracked 
|  12|0x00000007c0c00000, 0x00000007c0c00000, 0x00000007c0d00000|  0%| F|  |TAMS 0x00000007c0c00000, 0x00000007c0c00000| Untracked 
|  13|0x00000007c0d00000, 0x00000007c0d00000, 0x00000007c0e00000|  0%| F|  |TAMS 0x00000007c0d00000, 0x00000007c0d00000| Untracked 
|  14|0x00000007c0e00000, 0x00000007c0e00000, 0x00000007c0f00000|  0%| F|  |TAMS 0x00000007c0e00000, 0x00000007c0e00000| Untracked 
|  15|0x00000007c0f00000, 0x00000007c0f00000, 0x00000007c1000000|  0%| F|  |TAMS 0x00000007c0f00000, 0x00000007c0f00000| Untracked 
|  16|0x00000007c1000000, 0x00000007c1000000, 0x00000007c1100000|  0%| F|  |TAMS 0x00000007c1000000, 0x00000007c1000000| Untracked 
|  17|0x00000007c1100000, 0x00000007c1100000, 0x00000007c1200000|  0%| F|  |TAMS 0x00000007c1100000, 0x00000007c1100000| Untracked 
|  18|0x00000007c1200000, 0x00000007c1200000, 0x00000007c1300000|  0%| F|  |TAMS 0x00000007c1200000, 0x00000007c1200000| Untracked 
|  19|0x00000007c1300000, 0x00000007c1300000, 0x00000007c1400000|  0%| F|  |TAMS 0x00000007c1300000, 0x00000007c1300000| Untracked 
|  20|0x00000007c1400000, 0x00000007c1400000, 0x00000007c1500000|  0%| F|  |TAMS 0x00000007c1400000, 0x00000007c1400000| Untracked 
|  21|0x00000007c1500000, 0x00000007c1500000, 0x00000007c1600000|  0%| F|  |TAMS 0x00000007c1500000, 0x00000007c1500000| Untracked 
|  22|0x00000007c1600000, 0x00000007c16b3b78, 0x00000007c1700000| 70%| S|CS|TAMS 0x00000007c1600000, 0x00000007c1600000| Complete 
|  23|0x00000007c1700000, 0x00000007c1800000, 0x00000007c1800000|100%| S|CS|TAMS 0x00000007c1700000, 0x00000007c1700000| Complete 
|  24|0x00000007c1800000, 0x00000007c1900000, 0x00000007c1900000|100%| S|CS|TAMS 0x00000007c1800000, 0x00000007c1800000| Complete 
|  25|0x00000007c1900000, 0x00000007c1a00000, 0x00000007c1a00000|100%| S|CS|TAMS 0x00000007c1900000, 0x00000007c1900000| Complete 
|  26|0x00000007c1a00000, 0x00000007c1a00000, 0x00000007c1b00000|  0%| F|  |TAMS 0x00000007c1a00000, 0x00000007c1a00000| Untracked 
|  27|0x00000007c1b00000, 0x00000007c1b00000, 0x00000007c1c00000|  0%| F|  |TAMS 0x00000007c1b00000, 0x00000007c1b00000| Untracked 
|  28|0x00000007c1c00000, 0x00000007c1c00000, 0x00000007c1d00000|  0%| F|  |TAMS 0x00000007c1c00000, 0x00000007c1c00000| Untracked 
|  29|0x00000007c1d00000, 0x00000007c1d00000, 0x00000007c1e00000|  0%| F|  |TAMS 0x00000007c1d00000, 0x00000007c1d00000| Untracked 
|  30|0x00000007c1e00000, 0x00000007c1e00000, 0x00000007c1f00000|  0%| F|  |TAMS 0x00000007c1e00000, 0x00000007c1e00000| Untracked 
|  31|0x00000007c1f00000, 0x00000007c1f00000, 0x00000007c2000000|  0%| F|  |TAMS 0x00000007c1f00000, 0x00000007c1f00000| Untracked 
|  32|0x00000007c2000000, 0x00000007c2000000, 0x00000007c2100000|  0%| F|  |TAMS 0x00000007c2000000, 0x00000007c2000000| Untracked 
|  33|0x00000007c2100000, 0x00000007c2100000, 0x00000007c2200000|  0%| F|  |TAMS 0x00000007c2100000, 0x00000007c2100000| Untracked 
|  34|0x00000007c2200000, 0x00000007c2200000, 0x00000007c2300000|  0%| F|  |TAMS 0x00000007c2200000, 0x00000007c2200000| Untracked 
|  35|0x00000007c2300000, 0x00000007c2300000, 0x00000007c2400000|  0%| F|  |TAMS 0x00000007c2300000, 0x00000007c2300000| Untracked 
|  36|0x00000007c2400000, 0x00000007c2400000, 0x00000007c2500000|  0%| F|  |TAMS 0x00000007c2400000, 0x00000007c2400000| Untracked 
|  37|0x00000007c2500000, 0x00000007c2500000, 0x00000007c2600000|  0%| F|  |TAMS 0x00000007c2500000, 0x00000007c2500000| Untracked 
|  38|0x00000007c2600000, 0x00000007c2600000, 0x00000007c2700000|  0%| F|  |TAMS 0x00000007c2600000, 0x00000007c2600000| Untracked 
|  39|0x00000007c2700000, 0x00000007c2700000, 0x00000007c2800000|  0%| F|  |TAMS 0x00000007c2700000, 0x00000007c2700000| Untracked 
|  40|0x00000007c2800000, 0x00000007c2800000, 0x00000007c2900000|  0%| F|  |TAMS 0x00000007c2800000, 0x00000007c2800000| Untracked 
|  41|0x00000007c2900000, 0x00000007c2900000, 0x00000007c2a00000|  0%| F|  |TAMS 0x00000007c2900000, 0x00000007c2900000| Untracked 
|  42|0x00000007c2a00000, 0x00000007c2a00000, 0x00000007c2b00000|  0%| F|  |TAMS 0x00000007c2a00000, 0x00000007c2a00000| Untracked 
|  43|0x00000007c2b00000, 0x00000007c2b00000, 0x00000007c2c00000|  0%| F|  |TAMS 0x00000007c2b00000, 0x00000007c2b00000| Untracked 
|  44|0x00000007c2c00000, 0x00000007c2c00000, 0x00000007c2d00000|  0%| F|  |TAMS 0x00000007c2c00000, 0x00000007c2c00000| Untracked 
|  45|0x00000007c2d00000, 0x00000007c2d00000, 0x00000007c2e00000|  0%| F|  |TAMS 0x00000007c2d00000, 0x00000007c2d00000| Untracked 
|  46|0x00000007c2e00000, 0x00000007c2e00000, 0x00000007c2f00000|  0%| F|  |TAMS 0x00000007c2e00000, 0x00000007c2e00000| Untracked 
|  47|0x00000007c2f00000, 0x00000007c2f00000, 0x00000007c3000000|  0%| F|  |TAMS 0x00000007c2f00000, 0x00000007c2f00000| Untracked 
|  48|0x00000007c3000000, 0x00000007c3000000, 0x00000007c3100000|  0%| F|  |TAMS 0x00000007c3000000, 0x00000007c3000000| Untracked 
|  49|0x00000007c3100000, 0x00000007c3100000, 0x00000007c3200000|  0%| F|  |TAMS 0x00000007c3100000, 0x00000007c3100000| Untracked 
|  50|0x00000007c3200000, 0x00000007c3200000, 0x00000007c3300000|  0%| F|  |TAMS 0x00000007c3200000, 0x00000007c3200000| Untracked 
|  51|0x00000007c3300000, 0x00000007c3300000, 0x00000007c3400000|  0%| F|  |TAMS 0x00000007c3300000, 0x00000007c3300000| Untracked 
|  52|0x00000007c3400000, 0x00000007c3400000, 0x00000007c3500000|  0%| F|  |TAMS 0x00000007c3400000, 0x00000007c3400000| Untracked 
|  53|0x00000007c3500000, 0x00000007c3500000, 0x00000007c3600000|  0%| F|  |TAMS 0x00000007c3500000, 0x00000007c3500000| Untracked 
|  54|0x00000007c3600000, 0x00000007c3600000, 0x00000007c3700000|  0%| F|  |TAMS 0x00000007c3600000, 0x00000007c3600000| Untracked 
|  55|0x00000007c3700000, 0x00000007c3700000, 0x00000007c3800000|  0%| F|  |TAMS 0x00000007c3700000, 0x00000007c3700000| Untracked 
|  56|0x00000007c3800000, 0x00000007c3800000, 0x00000007c3900000|  0%| F|  |TAMS 0x00000007c3800000, 0x00000007c3800000| Untracked 
|  57|0x00000007c3900000, 0x00000007c3900000, 0x00000007c3a00000|  0%| F|  |TAMS 0x00000007c3900000, 0x00000007c3900000| Untracked 
|  58|0x00000007c3a00000, 0x00000007c3a00000, 0x00000007c3b00000|  0%| F|  |TAMS 0x00000007c3a00000, 0x00000007c3a00000| Untracked 
|  59|0x00000007c3b00000, 0x00000007c3b00000, 0x00000007c3c00000|  0%| F|  |TAMS 0x00000007c3b00000, 0x00000007c3b00000| Untracked 
|  60|0x00000007c3c00000, 0x00000007c3c00000, 0x00000007c3d00000|  0%| F|  |TAMS 0x00000007c3c00000, 0x00000007c3c00000| Untracked 
|  61|0x00000007c3d00000, 0x00000007c3d00000, 0x00000007c3e00000|  0%| F|  |TAMS 0x00000007c3d00000, 0x00000007c3d00000| Untracked 
|  62|0x00000007c3e00000, 0x00000007c3e00000, 0x00000007c3f00000|  0%| F|  |TAMS 0x00000007c3e00000, 0x00000007c3e00000| Untracked 
|  63|0x00000007c3f00000, 0x00000007c4000000, 0x00000007c4000000|100%| E|  |TAMS 0x00000007c3f00000, 0x00000007c3f00000| Complete 

Card table byte_map: [0x000000010e2b1000,0x000000010e4b1000] _byte_map_base: 0x000000010a4b1000

Marking Bits (Prev, Next): (CMBitMap*) 0x00007fd218822018, (CMBitMap*) 0x00007fd218822050
 Prev Bits: [0x0000000126d82000, 0x0000000127d82000)
 Next Bits: [0x0000000127d82000, 0x0000000128d82000)

Polling page: 0x000000010de24000

Metaspace:

Usage:
  Non-class:     14.26 MB capacity,    14.06 MB ( 99%) used,   161.25 KB (  1%) free+waste,    45.00 KB ( <1%) overhead. 
      Class:      2.00 MB capacity,     1.80 MB ( 90%) used,   182.51 KB (  9%) free+waste,    24.25 KB (  1%) overhead. 
       Both:     16.26 MB capacity,    15.86 MB ( 98%) used,   343.76 KB (  2%) free+waste,    69.25 KB ( <1%) overhead. 

Virtual space:
  Non-class space:       16.00 MB reserved,      14.50 MB ( 91%) committed 
      Class space:        1.00 GB reserved,       2.12 MB ( <1%) committed 
             Both:        1.02 GB reserved,      16.62 MB (  2%) committed 

Chunk freelists:
   Non-Class:  12.88 KB
       Class:  0 bytes
        Both:  12.88 KB

CodeHeap 'non-profiled nmethods': size=120032Kb used=806Kb max_used=806Kb free=119225Kb
 bounds [0x000000011f84a000, 0x000000011faba000, 0x0000000126d82000]
CodeHeap 'profiled nmethods': size=120032Kb used=4320Kb max_used=4320Kb free=115711Kb
 bounds [0x0000000118312000, 0x0000000118752000, 0x000000011f84a000]
CodeHeap 'non-nmethods': size=5696Kb used=1263Kb max_used=1291Kb free=4432Kb
 bounds [0x0000000117d82000, 0x0000000117ff2000, 0x0000000118312000]
 total_blobs=2943 nmethods=2281 adapters=573
 compilation: enabled
              stopped_count=0, restarted_count=0
 full_count=0

Compilation events (10 events):
Event: 5.910 Thread 0x00007fd217060000 nmethod 2248 0x000000011f90fd90 code [0x000000011f90ff20, 0x000000011f910178]
Event: 5.910 Thread 0x00007fd217060000 2247       4       java.util.ArrayList::newCapacity (65 bytes)
Event: 5.911 Thread 0x00007fd217060000 nmethod 2247 0x000000011f910290 code [0x000000011f910420, 0x000000011f9104f8]
Event: 5.911 Thread 0x00007fd217060000 2278       4       java.lang.invoke.DirectMethodHandle$Holder::invokeStatic (14 bytes)
Event: 5.912 Thread 0x00007fd217060000 nmethod 2278 0x000000011f910610 code [0x000000011f9107a0, 0x000000011f910848]
Event: 5.912 Thread 0x00007fd217060000 2269       4       com.sun.javafx.geom.Vec3d::set (25 bytes)
Event: 5.912 Thread 0x00007fd217060000 nmethod 2269 0x000000011f910990 code [0x000000011f910b20, 0x000000011f910bb8]
Event: 5.916 Thread 0x00007fd217060000 2280       4       javafx.scene.Node::reapplyCSS (74 bytes)
Event: 5.945 Thread 0x00007fd217061000 2283       3       java.lang.ref.ReferenceQueue::reallyPoll (65 bytes)
Event: 5.948 Thread 0x00007fd217061000 nmethod 2283 0x0000000118749a90 code [0x0000000118749c60, 0x000000011874a190]

GC Heap History (4 events):
Event: 1.086 GC heap before
{Heap before GC invocations=0 (full 0):
 garbage-first heap   total 65536K, used 13312K [0x00000007c0000000, 0x0000000800000000)
  region size 1024K, 14 young (14336K), 0 survivors (0K)
 Metaspace       used 8884K, capacity 9172K, committed 9472K, reserved 1058816K
  class space    used 882K, capacity 1011K, committed 1024K, reserved 1048576K
}
Event: 1.090 GC heap after
{Heap after GC invocations=1 (full 0):
 garbage-first heap   total 65536K, used 1816K [0x00000007c0000000, 0x0000000800000000)
  region size 1024K, 2 young (2048K), 2 survivors (2048K)
 Metaspace       used 8884K, capacity 9172K, committed 9472K, reserved 1058816K
  class space    used 882K, capacity 1011K, committed 1024K, reserved 1048576K
}
Event: 5.933 GC heap before
{Heap before GC invocations=1 (full 0):
 garbage-first heap   total 65536K, used 41752K [0x00000007c0000000, 0x0000000800000000)
  region size 1024K, 38 young (38912K), 2 survivors (2048K)
 Metaspace       used 16237K, capacity 16651K, committed 17024K, reserved 1064960K
  class space    used 1843K, capacity 2050K, committed 2176K, reserved 1048576K
}
Event: 5.944 GC heap after
{Heap after GC invocations=2 (full 0):
 garbage-first heap   total 65536K, used 7886K [0x00000007c0000000, 0x0000000800000000)
  region size 1024K, 4 young (4096K), 4 survivors (4096K)
 Metaspace       used 16237K, capacity 16651K, committed 17024K, reserved 1064960K
  class space    used 1843K, capacity 2050K, committed 2176K, reserved 1048576K
}

Deoptimization events (10 events):
Event: 0.748 Thread 0x00007fd2188dc800 Uncommon trap: reason=class_check action=maybe_recompile pc=0x000000011f85f8d8 method=java.util.HashMap.putVal(ILjava/lang/Object;Ljava/lang/Object;ZZ)Ljava/lang/Object; @ 152 c2
Event: 0.753 Thread 0x00007fd2188dc800 Uncommon trap: reason=unstable_if action=reinterpret pc=0x000000011f857694 method=java.lang.String.isEmpty()Z @ 5 c2
Event: 0.767 Thread 0x00007fd2188dc800 Uncommon trap: reason=unstable_if action=reinterpret pc=0x000000011f86abac method=java.lang.String.startsWith(Ljava/lang/String;I)Z @ 1 c2
Event: 0.775 Thread 0x00007fd2188dc800 Uncommon trap: reason=class_check action=maybe_recompile pc=0x000000011f85f8d8 method=java.util.HashMap.putVal(ILjava/lang/Object;Ljava/lang/Object;ZZ)Ljava/lang/Object; @ 152 c2
Event: 2.529 Thread 0x00007fd2191cf000 Uncommon trap: reason=unstable_if action=reinterpret pc=0x000000011f85b2b8 method=java.util.ImmutableCollections$SetN.probe(Ljava/lang/Object;)I @ 34 c2
Event: 2.787 Thread 0x00007fd2191cf000 Uncommon trap: reason=unstable_if action=reinterpret pc=0x000000011f86afd4 method=java.lang.StringLatin1.canEncode(I)Z @ 4 c2
Event: 3.038 Thread 0x00007fd2191cf000 Uncommon trap: reason=unstable_fused_if action=reinterpret pc=0x000000011f895abc method=jdk.internal.org.objectweb.asm.Frame.execute(IILjdk/internal/org/objectweb/asm/ClassWriter;Ljdk/internal/org/objectweb/asm/Item;)V @ 1 c2
Event: 5.300 Thread 0x00007fd2191cf000 Uncommon trap: reason=unstable_if action=reinterpret pc=0x000000011f8c5300 method=java.util.BitSet.get(I)Z @ 60 c2
Event: 5.300 Thread 0x00007fd2191cf000 Uncommon trap: reason=unstable_if action=reinterpret pc=0x000000011f8c8b6c method=java.util.BitSet.get(I)Z @ 60 c2
Event: 5.301 Thread 0x00007fd2191cf000 Uncommon trap: reason=unstable_if action=reinterpret pc=0x000000011f8c858c method=java.util.BitSet.get(I)Z @ 60 c2

Classes redefined (0 events):
No events

Internal exceptions (10 events):
Event: 2.654 Thread 0x00007fd2191cf000 Exception <a 'java/lang/NoSuchMethodError'{0x00000007c321d7f8}: java.lang.invoke.DirectMethodHandle$Holder.invokeStatic(Ljava/lang/Object;Ljava/lang/Object;Ljava/lang/Object;Ljava/lang/Object;Ljava/lang/Object;Ljava/lang/Object;Ljava/lang/Object;Ljava/lan
Event: 2.666 Thread 0x00007fd2191cf000 Exception <a 'java/lang/NoSuchMethodError'{0x00000007c322b558}: java.lang.invoke.DirectMethodHandle$Holder.invokeStatic(Ljava/lang/Object;Ljava/lang/Object;Ljava/lang/Object;Ljava/lang/Object;Ljava/lang/Object;Ljava/lang/Object;Ljava/lang/Object;Ljava/lan
Event: 2.670 Thread 0x00007fd2191cf000 Exception <a 'java/lang/NoSuchMethodError'{0x00000007c32391c0}: java.lang.invoke.DirectMethodHandle$Holder.invokeSpecial(Ljava/lang/Object;Ljava/lang/Object;IILjava/lang/Object;Ljava/lang/Object;Ljava/lang/Object;)Ljava/lang/Object;> (0x00000007c32391c0) 
Event: 2.670 Thread 0x00007fd2191cf000 Exception <a 'java/lang/NoSuchMethodError'{0x00000007c323c748}: java.lang.invoke.DelegatingMethodHandle$Holder.reinvoke_L(Ljava/lang/Object;IILjava/lang/Object;Ljava/lang/Object;Ljava/lang/Object;)Ljava/lang/Object;> (0x00000007c323c748) thrown at [./open
Event: 2.671 Thread 0x00007fd2191cf000 Exception <a 'java/lang/NoSuchMethodError'{0x00000007c3240e10}: java.lang.invoke.DirectMethodHandle$Holder.invokeStatic(Ljava/lang/Object;Ljava/lang/Object;Ljava/lang/Object;Ljava/lang/Object;I)Ljava/lang/Object;> (0x00000007c3240e10) thrown at [./open/sr
Event: 3.069 Thread 0x00007fd2191cf000 Exception <a 'java/lang/NoSuchMethodError'{0x00000007c2b16ed0}: java.lang.invoke.Invokers$Holder.linkToTargetMethod(Ljava/lang/Object;ILjava/lang/Object;)Ljava/lang/Object;> (0x00000007c2b16ed0) thrown at [./open/src/hotspot/share/interpreter/linkResolver
Event: 3.165 Thread 0x00007fd2191cf000 Exception <a 'java/lang/NoSuchMethodError'{0x00000007c2b4a820}: java.lang.invoke.DirectMethodHandle$Holder.invokeStaticInit(Ljava/lang/Object;Ljava/lang/Object;Ljava/lang/Object;)J> (0x00000007c2b4a820) thrown at [./open/src/hotspot/share/interpreter/link
Event: 3.168 Thread 0x00007fd2191cf000 Exception <a 'java/lang/NoSuchMethodError'{0x00000007c2b63150}: java.lang.invoke.DirectMethodHandle$Holder.invokeStatic(Ljava/lang/Object;Ljava/lang/Object;J)Ljava/lang/Object;> (0x00000007c2b63150) thrown at [./open/src/hotspot/share/interpreter/linkReso
Event: 3.169 Thread 0x00007fd2191cf000 Exception <a 'java/lang/NoSuchMethodError'{0x00000007c2b692c8}: java.lang.invoke.Invokers$Holder.linkToTargetMethod(Ljava/lang/Object;JLjava/lang/Object;)Ljava/lang/Object;> (0x00000007c2b692c8) thrown at [./open/src/hotspot/share/interpreter/linkResolver
Event: 3.212 Thread 0x00007fd2188dc800 Exception <a 'java/lang/NoSuchMethodError'{0x00000007c2aa75e0}: java.lang.invoke.DirectMethodHandle$Holder.invokeStaticInit(Ljava/lang/Object;Ljava/lang/Object;)I> (0x00000007c2aa75e0) thrown at [./open/src/hotspot/share/interpreter/linkResolver.cpp, line

Events (10 events):
Event: 5.550 Thread 0x00007fd2191cf000 DEOPT PACKING pc=0x0000000118528ad3 sp=0x00007ff7b22146d0
Event: 5.550 Thread 0x00007fd2191cf000 DEOPT UNPACKING pc=0x0000000117da80ca sp=0x00007ff7b2213c80 mode 0
Event: 5.599 Thread 0x00007fd2191cf000 DEOPT PACKING pc=0x0000000118528ad3 sp=0x00007ff7b22146e0
Event: 5.599 Thread 0x00007fd2191cf000 DEOPT UNPACKING pc=0x0000000117da80ca sp=0x00007ff7b2213c90 mode 0
Event: 5.933 Executing VM operation: G1CollectForAllocation
Event: 5.944 Executing VM operation: G1CollectForAllocation done
Event: 5.946 Executing VM operation: RevokeBias
Event: 5.946 Executing VM operation: RevokeBias done
Event: 5.948 Executing VM operation: RevokeBias
Event: 5.949 Executing VM operation: RevokeBias done


Dynamic libraries:
0x000000010de05000 	/Library/Java/JavaVirtualMachines/jdk-11.0.15.jdk/Contents/Home/lib/jli/libjli.dylib
0x00007ff8195e5000 	/System/Library/Frameworks/Cocoa.framework/Versions/A/Cocoa
0x00007ff805262000 	/System/Library/Frameworks/AppKit.framework/Versions/C/AppKit
0x00007ff80876d000 	/System/Library/Frameworks/CoreData.framework/Versions/A/CoreData
0x00007ff80366e000 	/System/Library/Frameworks/Foundation.framework/Versions/C/Foundation
0x00007ff80d58e000 	/usr/lib/libSystem.B.dylib
0x00007ff8060f0000 	/System/Library/PrivateFrameworks/UIFoundation.framework/Versions/A/UIFoundation
0x00007ff8134ef000 	/System/Library/PrivateFrameworks/RemoteViewServices.framework/Versions/A/RemoteViewServices
0x00007ff80b7d9000 	/System/Library/PrivateFrameworks/XCTTargetBootstrap.framework/Versions/A/XCTTargetBootstrap
0x00007ff80f395000 	/System/Library/PrivateFrameworks/InternationalSupport.framework/Versions/A/InternationalSupport
0x00007ff80f41f000 	/System/Library/PrivateFrameworks/UserActivity.framework/Versions/A/UserActivity
0x00007ff80e775000 	/usr/lib/libspindump.dylib
0x00007ff80637e000 	/System/Library/Frameworks/UniformTypeIdentifiers.framework/Versions/A/UniformTypeIdentifiers
0x00007ff809f02000 	/usr/lib/libapp_launch_measurement.dylib
0x00007ff80913d000 	/System/Library/PrivateFrameworks/CoreAnalytics.framework/Versions/A/CoreAnalytics
0x00007ff809f05000 	/System/Library/PrivateFrameworks/CoreAutoLayout.framework/Versions/A/CoreAutoLayout
0x00007ff80b133000 	/System/Library/Frameworks/Metal.framework/Versions/A/Metal
0x00007ff80be5f000 	/usr/lib/liblangid.dylib
0x00007ff80b7de000 	/System/Library/PrivateFrameworks/CoreSVG.framework/Versions/A/CoreSVG
0x00007ff807765000 	/System/Library/PrivateFrameworks/SkyLight.framework/Versions/A/SkyLight
0x00007ff807b03000 	/System/Library/Frameworks/CoreGraphics.framework/Versions/A/CoreGraphics
0x00007ff813baf000 	/System/Library/Frameworks/Accelerate.framework/Versions/A/Accelerate
0x00007ff80e1f4000 	/System/Library/PrivateFrameworks/IconServices.framework/Versions/A/IconServices
0x00007ff80b118000 	/System/Library/Frameworks/IOSurface.framework/Versions/A/IOSurface
0x00007ff80916b000 	/usr/lib/libDiagnosticMessagesClient.dylib
0x00007ff80d4ae000 	/usr/lib/libz.1.dylib
0x00007ff817292000 	/System/Library/Frameworks/ApplicationServices.framework/Versions/A/ApplicationServices
0x00007ff80b7c5000 	/System/Library/PrivateFrameworks/DFRFoundation.framework/Versions/A/DFRFoundation
0x00007ff804b4a000 	/usr/lib/libicucore.A.dylib
0x00007ff81018a000 	/System/Library/Frameworks/AudioToolbox.framework/Versions/A/AudioToolbox
0x00007ff80f3a1000 	/System/Library/PrivateFrameworks/DataDetectorsCore.framework/Versions/A/DataDetectorsCore
0x00007ff90b32e000 	/System/Library/PrivateFrameworks/TextInput.framework/Versions/A/TextInput
0x00007ff8076e8000 	/usr/lib/libMobileGestalt.dylib
0x00007ff80b4d1000 	/System/Library/Frameworks/Carbon.framework/Versions/A/Frameworks/HIToolbox.framework/Versions/A/HIToolbox
0x00007ff809908000 	/System/Library/Frameworks/QuartzCore.framework/Versions/A/QuartzCore
0x00007ff8047f1000 	/System/Library/Frameworks/Security.framework/Versions/A/Security
0x00007ff813527000 	/System/Library/Frameworks/Carbon.framework/Versions/A/Frameworks/SpeechRecognition.framework/Versions/A/SpeechRecognition
0x00007ff809c62000 	/System/Library/PrivateFrameworks/CoreUI.framework/Versions/A/CoreUI
0x00007ff8040bd000 	/System/Library/Frameworks/CoreAudio.framework/Versions/A/CoreAudio
0x00007ff80925a000 	/System/Library/Frameworks/DiskArbitration.framework/Versions/A/DiskArbitration
0x00007ff80eb63000 	/System/Library/PrivateFrameworks/MultitouchSupport.framework/Versions/A/MultitouchSupport
0x00007ff8076e7000 	/usr/lib/libenergytrace.dylib
0x00007ff80514e000 	/System/Library/Frameworks/IOKit.framework/Versions/A/IOKit
0x00007ff813917000 	/System/Library/Frameworks/CoreServices.framework/Versions/A/CoreServices
0x00007ff809e9c000 	/System/Library/PrivateFrameworks/PerformanceAnalysis.framework/Versions/A/PerformanceAnalysis
0x00007ffa1a852000 	/System/Library/Frameworks/OpenGL.framework/Versions/A/OpenGL
0x00007ff80cac8000 	/System/Library/PrivateFrameworks/MobileKeyBag.framework/Versions/A/MobileKeyBag
0x00007ff80263e000 	/usr/lib/libobjc.A.dylib
0x00007ff8081ce000 	/System/Library/Frameworks/ColorSync.framework/Versions/A/ColorSync
0x00007ff8027fc000 	/System/Library/Frameworks/CoreFoundation.framework/Versions/A/CoreFoundation
0x00007ff80ba55000 	/System/Library/Frameworks/CoreImage.framework/Versions/A/CoreImage
0x00007ff803ed5000 	/System/Library/Frameworks/CoreText.framework/Versions/A/CoreText
0x00007ff80b80e000 	/System/Library/Frameworks/ImageIO.framework/Versions/A/ImageIO
0x00007ff80d594000 	/System/Library/PrivateFrameworks/SoftLinking.framework/Versions/A/SoftLinking
0x00007ff809f4d000 	/usr/lib/libxml2.2.dylib
0x00007ff802708000 	/usr/lib/libc++.1.dylib
0x00007ff80d818000 	/usr/lib/libcompression.dylib
0x00007ff80f2c8000 	/System/Library/PrivateFrameworks/TextureIO.framework/Versions/A/TextureIO
0x00007ff80df06000 	/usr/lib/libate.dylib
0x00007ff80d589000 	/usr/lib/system/libcache.dylib
0x00007ff80d545000 	/usr/lib/system/libcommonCrypto.dylib
0x00007ff80d56e000 	/usr/lib/system/libcompiler_rt.dylib
0x00007ff80d564000 	/usr/lib/system/libcopyfile.dylib
0x00007ff802539000 	/usr/lib/system/libcorecrypto.dylib
0x00007ff8025f7000 	/usr/lib/system/libdispatch.dylib
0x00007ff8027bb000 	/usr/lib/system/libdyld.dylib
0x00007ff80d580000 	/usr/lib/system/libkeymgr.dylib
0x00007ff80d523000 	/usr/lib/system/libmacho.dylib
0x00007ff80cba2000 	/usr/lib/system/libquarantine.dylib
0x00007ff80d57e000 	/usr/lib/system/libremovefile.dylib
0x00007ff807735000 	/usr/lib/system/libsystem_asl.dylib
0x00007ff8024e2000 	/usr/lib/system/libsystem_blocks.dylib
0x00007ff80267f000 	/usr/lib/system/libsystem_c.dylib
0x00007ff80d576000 	/usr/lib/system/libsystem_collections.dylib
0x00007ff80be4f000 	/usr/lib/system/libsystem_configuration.dylib
0x00007ff80b0fb000 	/usr/lib/system/libsystem_containermanager.dylib
0x00007ff80d25c000 	/usr/lib/system/libsystem_coreservices.dylib
0x00007ff804dde000 	/usr/lib/system/libsystem_darwin.dylib
0x00007ff80d581000 	/usr/lib/system/libsystem_dnssd.dylib
0x00007ff80267c000 	/usr/lib/system/libsystem_featureflags.dylib
0x00007ff8027d1000 	/usr/lib/system/libsystem_info.dylib
0x00007ff80d4c1000 	/usr/lib/system/libsystem_m.dylib
0x00007ff8025cb000 	/usr/lib/system/libsystem_malloc.dylib
0x00007ff8076d0000 	/usr/lib/system/libsystem_networkextension.dylib
0x00007ff805204000 	/usr/lib/system/libsystem_notify.dylib
0x00007ff8137ec000 	/usr/lib/system/libsystem_product_info_filter.dylib
0x00007ff80be53000 	/usr/lib/system/libsystem_sandbox.dylib
0x00007ff80d57b000 	/usr/lib/system/libsystem_secinit.dylib
0x00007ff802777000 	/usr/lib/system/libsystem_kernel.dylib
0x00007ff8027c7000 	/usr/lib/system/libsystem_platform.dylib
0x00007ff8027af000 	/usr/lib/system/libsystem_pthread.dylib
0x00007ff808f7d000 	/usr/lib/system/libsystem_symptoms.dylib
0x00007ff802520000 	/usr/lib/system/libsystem_trace.dylib
0x00007ff80d551000 	/usr/lib/system/libunwind.dylib
0x00007ff8024e4000 	/usr/lib/system/libxpc.dylib
0x00007ff802761000 	/usr/lib/libc++abi.dylib
0x00007ff80d55c000 	/usr/lib/liboah.dylib
0x00007ff80dce2000 	/usr/lib/liblzma.5.dylib
0x00007ff803381000 	/System/Library/Frameworks/SystemConfiguration.framework/Versions/A/SystemConfiguration
0x00007ff80d590000 	/usr/lib/libfakelink.dylib
0x00007ff807241000 	/System/Library/Frameworks/CFNetwork.framework/Versions/A/CFNetwork
0x00007ff80d6d1000 	/usr/lib/libarchive.2.dylib
0x00007ff80be5b000 	/System/Library/PrivateFrameworks/AppleSystemInfo.framework/Versions/A/AppleSystemInfo
0x00007ff80cbc9000 	/usr/lib/libbsm.0.dylib
0x00007ff806854000 	/usr/lib/libnetwork.dylib
0x00007ff80d529000 	/usr/lib/system/libkxld.dylib
0x00007ff80c7f5000 	/System/Library/PrivateFrameworks/IOMobileFramebuffer.framework/Versions/A/IOMobileFramebuffer
0x00007ffb19d59000 	/usr/lib/libCoreEntitlements.dylib
0x00007ff80d23e000 	/System/Library/PrivateFrameworks/AppleFSCompression.framework/Versions/A/AppleFSCompression
0x00007ff80cbb1000 	/usr/lib/libcoretls.dylib
0x00007ff80dcfc000 	/usr/lib/libcoretls_cfhelpers.dylib
0x00007ff80d813000 	/usr/lib/libpam.2.dylib
0x00007ff808b9d000 	/usr/lib/libsqlite3.dylib
0x00007ff80dd6b000 	/usr/lib/libxar.1.dylib
0x00007ff80d24e000 	/usr/lib/libbz2.1.0.dylib
0x00007ff80d595000 	/usr/lib/libpcap.A.dylib
0x00007ff808f75000 	/usr/lib/libdns_services.dylib
0x00007ff80d7e3000 	/usr/lib/libapple_nghttp2.dylib
0x00007ff80d5cf000 	/usr/lib/libiconv.2.dylib
0x00007ff80d522000 	/usr/lib/libcharset.1.dylib
0x00007ff809ed0000 	/System/Library/Frameworks/CoreServices.framework/Versions/A/Frameworks/FSEvents.framework/Versions/A/FSEvents
0x00007ff804de8000 	/System/Library/Frameworks/CoreServices.framework/Versions/A/Frameworks/CarbonCore.framework/Versions/A/CarbonCore
0x00007ff8091be000 	/System/Library/Frameworks/CoreServices.framework/Versions/A/Frameworks/Metadata.framework/Versions/A/Metadata
0x00007ff80d261000 	/System/Library/Frameworks/CoreServices.framework/Versions/A/Frameworks/OSServices.framework/Versions/A/OSServices
0x00007ff80d758000 	/System/Library/Frameworks/CoreServices.framework/Versions/A/Frameworks/SearchKit.framework/Versions/A/SearchKit
0x00007ff808f08000 	/System/Library/Frameworks/CoreServices.framework/Versions/A/Frameworks/AE.framework/Versions/A/AE
0x00007ff802cfe000 	/System/Library/Frameworks/CoreServices.framework/Versions/A/Frameworks/LaunchServices.framework/Versions/A/LaunchServices
0x00007ff80dc93000 	/System/Library/Frameworks/CoreServices.framework/Versions/A/Frameworks/DictionaryServices.framework/Versions/A/DictionaryServices
0x00007ff809edd000 	/System/Library/Frameworks/CoreServices.framework/Versions/A/Frameworks/SharedFileList.framework/Versions/A/SharedFileList
0x00007ff80cba5000 	/usr/lib/libCheckFix.dylib
0x00007ff80774c000 	/System/Library/PrivateFrameworks/TCC.framework/Versions/A/TCC
0x00007ff80be61000 	/System/Library/PrivateFrameworks/CoreNLP.framework/Versions/A/CoreNLP
0x00007ff80916e000 	/System/Library/PrivateFrameworks/MetadataUtilities.framework/Versions/A/MetadataUtilities
0x00007ff803431000 	/usr/lib/libmecabra.dylib
0x00007ff80cbd9000 	/usr/lib/libmecab.dylib
0x00007ff8033fc000 	/usr/lib/libCRFSuite.dylib
0x00007ff80cc33000 	/usr/lib/libgermantok.dylib
0x00007ff80d7be000 	/usr/lib/libThaiTokenizer.dylib
0x00007ff809261000 	/System/Library/Frameworks/Accelerate.framework/Versions/A/Frameworks/vImage.framework/Versions/A/vImage
0x00007ff8138ee000 	/System/Library/Frameworks/Accelerate.framework/Versions/A/Frameworks/vecLib.framework/Versions/A/vecLib
0x00007ff80ddac000 	/System/Library/Frameworks/Accelerate.framework/Versions/A/Frameworks/vecLib.framework/Versions/A/libvMisc.dylib
0x00007ff80c620000 	/System/Library/Frameworks/Accelerate.framework/Versions/A/Frameworks/vecLib.framework/Versions/A/libvDSP.dylib
0x00007ff803078000 	/System/Library/Frameworks/Accelerate.framework/Versions/A/Frameworks/vecLib.framework/Versions/A/libBLAS.dylib
0x00007ff80d8f5000 	/System/Library/Frameworks/Accelerate.framework/Versions/A/Frameworks/vecLib.framework/Versions/A/libLAPACK.dylib
0x00007ff80cc36000 	/System/Library/Frameworks/Accelerate.framework/Versions/A/Frameworks/vecLib.framework/Versions/A/libLinearAlgebra.dylib
0x00007ff80d7fb000 	/System/Library/Frameworks/Accelerate.framework/Versions/A/Frameworks/vecLib.framework/Versions/A/libSparseBLAS.dylib
0x00007ff80d8ef000 	/System/Library/Frameworks/Accelerate.framework/Versions/A/Frameworks/vecLib.framework/Versions/A/libQuadrature.dylib
0x00007ff80bf4c000 	/System/Library/Frameworks/Accelerate.framework/Versions/A/Frameworks/vecLib.framework/Versions/A/libBNNS.dylib
0x00007ff803312000 	/System/Library/Frameworks/Accelerate.framework/Versions/A/Frameworks/vecLib.framework/Versions/A/libSparse.dylib
0x00007ff80bf45000 	/System/Library/PrivateFrameworks/LinguisticData.framework/Versions/A/LinguisticData
0x00007ff8032c8000 	/System/Library/PrivateFrameworks/Lexicon.framework/Versions/A/Lexicon
0x00007ff80dda5000 	/usr/lib/libChineseTokenizer.dylib
0x00007ff803a2a000 	/System/Library/PrivateFrameworks/LanguageModeling.framework/Versions/A/LanguageModeling
0x00007ff80d7c0000 	/System/Library/PrivateFrameworks/AppleSauce.framework/Versions/A/AppleSauce
0x00007ff80c7e3000 	/System/Library/PrivateFrameworks/CoreEmoji.framework/Versions/A/CoreEmoji
0x00007ff80d6c0000 	/usr/lib/libcmph.dylib
0x00007ff809eb4000 	/System/Library/Frameworks/OpenDirectory.framework/Versions/A/Frameworks/CFOpenDirectory.framework/Versions/A/CFOpenDirectory
0x00007ff809ea8000 	/System/Library/Frameworks/OpenDirectory.framework/Versions/A/OpenDirectory
0x00007ff80dcfe000 	/System/Library/PrivateFrameworks/APFS.framework/Versions/A/APFS
0x00007ff80cb00000 	/System/Library/Frameworks/SecurityFoundation.framework/Versions/A/SecurityFoundation
0x00007ff80dd79000 	/usr/lib/libutil.dylib
0x00007ff805112000 	/System/Library/PrivateFrameworks/CoreServicesStore.framework/Versions/A/CoreServicesStore
0x00007ff80dd7d000 	/usr/lib/libxslt.1.dylib
0x00007ff80cb8d000 	/System/Library/PrivateFrameworks/BackgroundTaskManagement.framework/Versions/A/BackgroundTaskManagement
0x00007ff80f1e8000 	/System/Library/Frameworks/ImageIO.framework/Versions/A/Resources/libRadiance.dylib
0x00007ff80f1f1000 	/System/Library/Frameworks/ImageIO.framework/Versions/A/Resources/libJPEG.dylib
0x00007ff80f142000 	/System/Library/Frameworks/ImageIO.framework/Versions/A/Resources/libPng.dylib
0x00007ff80f163000 	/System/Library/Frameworks/ImageIO.framework/Versions/A/Resources/libTIFF.dylib
0x00007ff80f251000 	/System/Library/Frameworks/ImageIO.framework/Versions/A/Resources/libGIF.dylib
0x00007ff80ea7d000 	/System/Library/Frameworks/ImageIO.framework/Versions/A/Resources/libJP2.dylib
0x00007ff80e1bb000 	/usr/lib/libexpat.1.dylib
0x00007ff80ea32000 	/System/Library/PrivateFrameworks/AppleJPEG.framework/Versions/A/AppleJPEG
0x00007ff80b395000 	/System/Library/PrivateFrameworks/FontServices.framework/libFontParser.dylib
0x00007ff808eb2000 	/System/Library/PrivateFrameworks/RunningBoardServices.framework/Versions/A/RunningBoardServices
0x00007ff819b9d000 	/System/Library/PrivateFrameworks/IOSurfaceAccelerator.framework/Versions/A/IOSurfaceAccelerator
0x00007ff80eb5f000 	/System/Library/PrivateFrameworks/WatchdogClient.framework/Versions/A/WatchdogClient
0x00007ff803b18000 	/System/Library/Frameworks/CoreDisplay.framework/Versions/A/CoreDisplay
0x00007ff80b293000 	/System/Library/Frameworks/CoreMedia.framework/Versions/A/CoreMedia
0x00007ff80b12a000 	/System/Library/PrivateFrameworks/IOAccelerator.framework/Versions/A/IOAccelerator
0x00007ff80a031000 	/System/Library/Frameworks/CoreVideo.framework/Versions/A/CoreVideo
0x00007ff80d811000 	/System/Library/Frameworks/MetalPerformanceShaders.framework/Versions/A/MetalPerformanceShaders
0x00007ff80eb9c000 	/System/Library/Frameworks/VideoToolbox.framework/Versions/A/VideoToolbox
0x00007ff808dfc000 	/System/Library/PrivateFrameworks/BaseBoard.framework/Versions/A/BaseBoard
0x00007ff808b83000 	/System/Library/PrivateFrameworks/ProtocolBuffer.framework/Versions/A/ProtocolBuffer
0x00007ff80f1e1000 	/System/Library/PrivateFrameworks/GPUWrangler.framework/Versions/A/GPUWrangler
0x00007ff80f1c5000 	/System/Library/PrivateFrameworks/IOPresentment.framework/Versions/A/IOPresentment
0x00007ff80f1eb000 	/System/Library/PrivateFrameworks/DSExternalDisplay.framework/Versions/A/DSExternalDisplay
0x00007ffa1a846000 	/System/Library/Frameworks/OpenGL.framework/Versions/A/Libraries/libCoreFSCache.dylib
0x00007ffb07502000 	/System/Library/PrivateFrameworks/GPUCompiler.framework/Versions/31001/Libraries/libGPUCompilerUtils.dylib
0x00007ff80f256000 	/System/Library/PrivateFrameworks/CMCaptureCore.framework/Versions/A/CMCaptureCore
0x00007ff80e763000 	/System/Library/PrivateFrameworks/AppServerSupport.framework/Versions/A/AppServerSupport
0x00007ff810a22000 	/System/Library/PrivateFrameworks/perfdata.framework/Versions/A/perfdata
0x00007ff803c44000 	/System/Library/PrivateFrameworks/AudioToolboxCore.framework/Versions/A/AudioToolboxCore
0x00007ff80b271000 	/System/Library/PrivateFrameworks/caulk.framework/Versions/A/caulk
0x00007ff810334000 	/usr/lib/libAudioStatistics.dylib
0x00007ff907adc000 	/System/Library/PrivateFrameworks/SystemPolicy.framework/Versions/A/SystemPolicy
0x00007ff81058f000 	/usr/lib/libSMC.dylib
0x00007ff819498000 	/System/Library/Frameworks/CoreMIDI.framework/Versions/A/CoreMIDI
0x00007ff80f111000 	/usr/lib/libAudioToolboxUtility.dylib
0x00007ff903d7f000 	/System/Library/PrivateFrameworks/OSAServicesClient.framework/Versions/A/OSAServicesClient
0x00007ff810a2f000 	/usr/lib/libperfcheck.dylib
0x00007ff908586000 	/usr/lib/libmis.dylib
0x00007ffa1a8a1000 	/System/Library/Frameworks/OpenGL.framework/Versions/A/Libraries/libGLU.dylib
0x00007ffa1a865000 	/System/Library/Frameworks/OpenGL.framework/Versions/A/Libraries/libGFXShared.dylib
0x00007ffa1aa6e000 	/System/Library/Frameworks/OpenGL.framework/Versions/A/Libraries/libGL.dylib
0x00007ffa1a86e000 	/System/Library/Frameworks/OpenGL.framework/Versions/A/Libraries/libGLImage.dylib
0x00007ffa1a862000 	/System/Library/Frameworks/OpenGL.framework/Versions/A/Libraries/libCVMSPluginSupport.dylib
0x00007ffa1a84d000 	/System/Library/Frameworks/OpenGL.framework/Versions/A/Libraries/libCoreVMClient.dylib
0x00007ff80bddd000 	/System/Library/Frameworks/MetalPerformanceShaders.framework/Versions/A/Frameworks/MPSCore.framework/Versions/A/MPSCore
0x00007ff80d1a9000 	/System/Library/Frameworks/MetalPerformanceShaders.framework/Versions/A/Frameworks/MPSImage.framework/Versions/A/MPSImage
0x00007ff80cc4c000 	/System/Library/Frameworks/MetalPerformanceShaders.framework/Versions/A/Frameworks/MPSNeuralNetwork.framework/Versions/A/MPSNeuralNetwork
0x00007ff80d0c0000 	/System/Library/Frameworks/MetalPerformanceShaders.framework/Versions/A/Frameworks/MPSMatrix.framework/Versions/A/MPSMatrix
0x00007ff80ce7b000 	/System/Library/Frameworks/MetalPerformanceShaders.framework/Versions/A/Frameworks/MPSRayIntersector.framework/Versions/A/MPSRayIntersector
0x00007ff80d0f8000 	/System/Library/Frameworks/MetalPerformanceShaders.framework/Versions/A/Frameworks/MPSNDArray.framework/Versions/A/MPSNDArray
0x00007ffa1f7ce000 	/System/Library/Frameworks/MetalPerformanceShaders.framework/Versions/A/Frameworks/MPSFunctions.framework/Versions/A/MPSFunctions
0x00007ff802f55000 	/System/Library/PrivateFrameworks/MetalTools.framework/Versions/A/MetalTools
0x00007ff80be59000 	/System/Library/PrivateFrameworks/AggregateDictionary.framework/Versions/A/AggregateDictionary
0x00007ff80df9d000 	/usr/lib/libIOReport.dylib
0x00007ffa1be7d000 	/System/Library/Frameworks/OpenCL.framework/Versions/A/OpenCL
0x00007ff80e301000 	/System/Library/PrivateFrameworks/FaceCore.framework/Versions/A/FaceCore
0x00007ff80e2f2000 	/System/Library/PrivateFrameworks/GraphVisualizer.framework/Versions/A/GraphVisualizer
0x00007ffb0740d000 	/System/Library/PrivateFrameworks/FontServices.framework/Versions/A/FontServices
0x00007ff80e71b000 	/System/Library/PrivateFrameworks/OTSVG.framework/Versions/A/OTSVG
0x00007ff809c18000 	/System/Library/Frameworks/ApplicationServices.framework/Versions/A/Frameworks/ATS.framework/Versions/A/Resources/libFontRegistry.dylib
0x00007ff80e76b000 	/System/Library/PrivateFrameworks/FontServices.framework/libhvf.dylib
0x00007ffb0740e000 	/System/Library/PrivateFrameworks/FontServices.framework/libXTFontStaticRegistryData.dylib
0x00007ff80e16b000 	/System/Library/PrivateFrameworks/AppleVA.framework/Versions/A/AppleVA
0x00007ff810354000 	/System/Library/Frameworks/ApplicationServices.framework/Versions/A/Frameworks/ATS.framework/Versions/A/ATS
0x00007ff8082ca000 	/System/Library/Frameworks/ApplicationServices.framework/Versions/A/Frameworks/HIServices.framework/Versions/A/HIServices
0x00007ff80f260000 	/System/Library/Frameworks/ApplicationServices.framework/Versions/A/Frameworks/PrintCore.framework/Versions/A/PrintCore
0x00007ff8106e2000 	/System/Library/Frameworks/ApplicationServices.framework/Versions/A/Frameworks/QD.framework/Versions/A/QD
0x00007ff8106da000 	/System/Library/Frameworks/ApplicationServices.framework/Versions/A/Frameworks/ColorSyncLegacy.framework/Versions/A/ColorSyncLegacy
0x00007ff810344000 	/System/Library/Frameworks/ApplicationServices.framework/Versions/A/Frameworks/SpeechSynthesis.framework/Versions/A/SpeechSynthesis
0x00007ff80f221000 	/System/Library/Frameworks/ApplicationServices.framework/Versions/A/Frameworks/ATSUI.framework/Versions/A/ATSUI
0x00007ff81066f000 	/usr/lib/libcups.2.dylib
0x00007ff810a3e000 	/System/Library/Frameworks/Kerberos.framework/Versions/A/Kerberos
0x00007ff810a4d000 	/System/Library/Frameworks/GSS.framework/Versions/A/GSS
0x00007ff8103c0000 	/usr/lib/libresolv.9.dylib
0x00007ff80e77a000 	/System/Library/PrivateFrameworks/Heimdal.framework/Versions/A/Heimdal
0x00007ff81761a000 	/System/Library/Frameworks/Kerberos.framework/Versions/A/Libraries/libHeimdalProxy.dylib
0x00007ff808f85000 	/System/Library/Frameworks/Network.framework/Versions/A/Network
0x00007ff80e1d5000 	/usr/lib/libheimdal-asn1.dylib
0x00007ff810a98000 	/System/Library/PrivateFrameworks/CommonAuth.framework/Versions/A/CommonAuth
0x00007ff8102c6000 	/System/Library/PrivateFrameworks/AudioSession.framework/Versions/A/AudioSession
0x00007ff80e265000 	/System/Library/PrivateFrameworks/MediaExperience.framework/Versions/A/MediaExperience
0x00007ff810159000 	/System/Library/PrivateFrameworks/AudioSession.framework/libSessionUtility.dylib
0x00007ff8106ee000 	/System/Library/PrivateFrameworks/AudioResourceArbitration.framework/Versions/A/AudioResourceArbitration
0x00007ff814761000 	/System/Library/PrivateFrameworks/PowerLog.framework/Versions/A/PowerLog
0x00007ff80e1de000 	/System/Library/PrivateFrameworks/IconFoundation.framework/Versions/A/IconFoundation
0x00007ff813517000 	/System/Library/PrivateFrameworks/SpeechRecognitionCore.framework/Versions/A/SpeechRecognitionCore
0x00007ffa0caed000 	/System/Library/CoreServices/Encodings/libLatin2Converter.dylib
0x000000010eb82000 	/Library/Java/JavaVirtualMachines/jdk-11.0.15.jdk/Contents/Home/lib/server/libjvm.dylib
0x000000010de33000 	/Library/Java/JavaVirtualMachines/jdk-11.0.15.jdk/Contents/Home/lib/libverify.dylib
0x000000010de6f000 	/Library/Java/JavaVirtualMachines/jdk-11.0.15.jdk/Contents/Home/lib/libjava.dylib
0x000000010de43000 	/Library/Java/JavaVirtualMachines/jdk-11.0.15.jdk/Contents/Home/lib/libjimage.dylib
0x000000010de5c000 	/Library/Java/JavaVirtualMachines/jdk-11.0.15.jdk/Contents/Home/lib/libzip.dylib
0x000000010e6f2000 	/Library/Java/JavaVirtualMachines/jdk-11.0.15.jdk/Contents/Home/lib/libnio.dylib
0x000000010e71d000 	/Library/Java/JavaVirtualMachines/jdk-11.0.15.jdk/Contents/Home/lib/libnet.dylib
0x000000010e704000 	/Users/humptydumpty/.openjfx/cache/11.0.2/libprism_es2.dylib
0x00007ff8050d4000 	/System/Library/PrivateFrameworks/CoreServicesInternal.framework/Versions/A/CoreServicesInternal
0x00007ffa1aa79000 	/System/Library/Frameworks/OpenGL.framework/Versions/A/Resources/GLEngine.bundle/GLEngine
0x00007ffa1a8df000 	/System/Library/Frameworks/OpenGL.framework/Versions/A/Libraries/libGLProgrammability.dylib
0x00007ffa1324d000 	/System/Library/Extensions/AppleIntelBDWGraphicsGLDriver.bundle/Contents/MacOS/AppleIntelBDWGraphicsGLDriver
0x00007ff9126c0000 	/System/Library/PrivateFrameworks/GPUSupport.framework/Versions/A/Libraries/libGPUSupportMercury.dylib
0x00007ffa1ac03000 	/System/Library/Frameworks/OpenGL.framework/Versions/A/Resources/GLRendererFloat.bundle/GLRendererFloat
0x00000001103ec000 	/Users/humptydumpty/.openjfx/cache/11.0.2/libglass.dylib
0x00007ff814d52000 	/System/Library/Frameworks/FileProvider.framework/Versions/A/FileProvider
0x00007ff808d69000 	/System/Library/Frameworks/Accounts.framework/Versions/A/Accounts
0x00007ff814ecb000 	/System/Library/PrivateFrameworks/GenerationalStorage.framework/Versions/A/GenerationalStorage
0x00007ff8159de000 	/System/Library/PrivateFrameworks/CoreSymbolication.framework/Versions/A/CoreSymbolication
0x00007ff814756000 	/System/Library/PrivateFrameworks/SymptomDiagnosticReporter.framework/Versions/A/SymptomDiagnosticReporter
0x00007ff806392000 	/System/Library/PrivateFrameworks/DesktopServicesPriv.framework/Versions/A/DesktopServicesPriv
0x00007ff805213000 	/usr/lib/libsandbox.1.dylib
0x00007ff80a0b0000 	/System/Library/PrivateFrameworks/UserManagement.framework/Versions/A/UserManagement
0x00007ff8159a3000 	/System/Library/PrivateFrameworks/DebugSymbols.framework/Versions/A/DebugSymbols
0x00007ff8106cf000 	/System/Library/PrivateFrameworks/NetAuth.framework/Versions/A/NetAuth
0x00007ff8115dc000 	/System/Library/PrivateFrameworks/Sharing.framework/Versions/A/Sharing
0x00007ff80a083000 	/System/Library/PrivateFrameworks/login.framework/Versions/A/Frameworks/loginsupport.framework/Versions/A/loginsupport
0x00007ff816b41000 	/System/Library/PrivateFrameworks/Apple80211.framework/Versions/A/Apple80211
0x00007ff80d28e000 	/System/Library/PrivateFrameworks/AuthKit.framework/Versions/A/AuthKit
0x00007ff80c8d9000 	/System/Library/PrivateFrameworks/CoreUtils.framework/Versions/A/CoreUtils
0x00007ff80c800000 	/System/Library/Frameworks/CoreWLAN.framework/Versions/A/CoreWLAN
0x00007ff81173b000 	/System/Library/Frameworks/IOBluetooth.framework/Versions/A/IOBluetooth
0x00007ff816ba9000 	/System/Library/PrivateFrameworks/CoreWiFi.framework/Versions/A/CoreWiFi
0x00007ff815575000 	/System/Library/PrivateFrameworks/FrontBoardServices.framework/Versions/A/FrontBoardServices
0x00007ff815606000 	/System/Library/PrivateFrameworks/BoardServices.framework/Versions/A/BoardServices
0x00007ff80caef000 	/System/Library/PrivateFrameworks/AssertionServices.framework/Versions/A/AssertionServices
0x00007ff816d2c000 	/System/Library/PrivateFrameworks/BackBoardServices.framework/Versions/A/BackBoardServices
0x00007ff810b29000 	/System/Library/PrivateFrameworks/CorePhoneNumbers.framework/Versions/A/CorePhoneNumbers
0x00007ff814873000 	/System/Library/PrivateFrameworks/DiskManagement.framework/Versions/A/DiskManagement
0x00007ff814787000 	/System/Library/PrivateFrameworks/AppleIDAuthSupport.framework/Versions/A/AppleIDAuthSupport
0x00007ffa21d8f000 	/System/Library/PrivateFrameworks/AAAFoundation.framework/Versions/A/AAAFoundation
0x00007ff810b0a000 	/System/Library/PrivateFrameworks/KeychainCircle.framework/Versions/A/KeychainCircle
0x00007ff81483f000 	/System/Library/PrivateFrameworks/MediaKit.framework/Versions/A/MediaKit
0x00007ff814793000 	/System/Library/Frameworks/DiscRecording.framework/Versions/A/DiscRecording
0x00007ff80e0e3000 	/usr/lib/libCoreStorage.dylib
0x00007ff81701a000 	/usr/lib/libcsfde.dylib
0x00007ff811808000 	/System/Library/PrivateFrameworks/ProtectedCloudStorage.framework/Versions/A/ProtectedCloudStorage
0x00007ff817016000 	/System/Library/PrivateFrameworks/EFILogin.framework/Versions/A/EFILogin
0x00007ff814ef1000 	/System/Library/PrivateFrameworks/OctagonTrust.framework/Versions/A/OctagonTrust
0x00007ffb0667c000 	/System/Library/PrivateFrameworks/CoreUtilsExtras.framework/Versions/A/CoreUtilsExtras
0x00007ff8146ba000 	/System/Library/Frameworks/CoreBluetooth.framework/Versions/A/CoreBluetooth
0x00007ff81769f000 	/System/Library/Frameworks/AudioUnit.framework/Versions/A/AudioUnit
0x00007ff80e0db000 	/usr/lib/libMatch.1.dylib
0x00007ff90cb5f000 	/System/Library/Frameworks/Accelerate.framework/Versions/A/Frameworks/vImage.framework/Versions/A/Libraries/libCGInterfaces.dylib
0x000000011058a000 	/usr/lib/libobjc-trampolines.dylib
0x00007ff809da8000 	/System/Library/PrivateFrameworks/ViewBridge.framework/Versions/A/ViewBridge
0x00000001309f9000 	/Users/humptydumpty/.openjfx/cache/11.0.2/libjavafx_iio.dylib
0x00000001309e0000 	/Users/humptydumpty/.openjfx/cache/11.0.2/libjavafx_font.dylib
0x00007ff80e831000 	/System/Library/PrivateFrameworks/login.framework/Versions/A/login
0x00007ffb19e68000 	/usr/lib/libRosetta.dylib
0x00007ff813c33000 	/System/Library/PrivateFrameworks/SystemAdministration.framework/Versions/A/SystemAdministration
0x00007ff80f48a000 	/System/Library/Frameworks/MediaToolbox.framework/Versions/A/MediaToolbox
0x00007ff8134e3000 	/System/Library/Frameworks/DirectoryService.framework/Versions/A/DirectoryService
0x00007ff816eb8000 	/System/Library/PrivateFrameworks/DiskImages.framework/Versions/A/DiskImages
0x00007ff80cb97000 	/System/Library/Frameworks/ServiceManagement.framework/Versions/A/ServiceManagement
0x00007ff817094000 	/System/Library/PrivateFrameworks/LoginUIKit.framework/Versions/A/Frameworks/LoginUICore.framework/Versions/A/LoginUICore
0x00007ff80e9da000 	/usr/lib/libodfde.dylib
0x00007ff814d22000 	/System/Library/PrivateFrameworks/CoreAVCHD.framework/Versions/A/CoreAVCHD
0x00007ff813bf7000 	/System/Library/Frameworks/MediaAccessibility.framework/Versions/A/MediaAccessibility
0x00007ff814d1e000 	/System/Library/PrivateFrameworks/Mangrove.framework/Versions/A/Mangrove
0x00007ff813c02000 	/System/Library/PrivateFrameworks/AlgosScoreFramework.framework/Versions/A/AlgosScoreFramework
0x00007ffb03976000 	/System/Library/PrivateFrameworks/CMPhoto.framework/Versions/A/CMPhoto
0x00007ff815879000 	/System/Library/PrivateFrameworks/AppleVPA.framework/Versions/A/AppleVPA
0x00007ff814963000 	/System/Library/PrivateFrameworks/CoreAUC.framework/Versions/A/CoreAUC
0x00007ff817026000 	/usr/lib/libcurl.4.dylib
0x00007ffb1a2d4000 	/usr/lib/libcrypto.46.dylib
0x00007ffb1a7c5000 	/usr/lib/libssl.48.dylib
0x00007ff816d4a000 	/System/Library/Frameworks/LDAP.framework/Versions/A/LDAP
0x00007ff816d82000 	/System/Library/PrivateFrameworks/TrustEvaluationAgent.framework/Versions/A/TrustEvaluationAgent
0x00007ff8103d9000 	/usr/lib/libsasl2.2.dylib
0x00007ff813c27000 	/System/Library/PrivateFrameworks/CoreDaemon.framework/Versions/B/CoreDaemon
0x00007ff813c22000 	/System/Library/PrivateFrameworks/AppleSRP.framework/Versions/A/AppleSRP


VM Arguments:
jvm_args: --add-modules=javafx.controls --module-path=/Users/humptydumpty/.gradle/caches/modules-2/files-2.1/org.openjfx/javafx-controls/11.0.2/996371d2868035845572cdb19179dca2bfd1139f/javafx-controls-11.0.2-mac.jar:/Users/humptydumpty/.gradle/caches/modules-2/files-2.1/org.openjfx/javafx-graphics/11.0.2/c1d99ae5bc48e7173f4514a941d27d8f8c972c71/javafx-graphics-11.0.2-mac.jar:/Users/humptydumpty/.gradle/caches/modules-2/files-2.1/org.openjfx/javafx-base/11.0.2/b774922e5da6a56afee221d1a288d179a1342aa9/javafx-base-11.0.2-mac.jar -Dfile.encoding=UTF-8 -Duser.country=PL -Duser.language=pl -Duser.variant 
java_command: snake.SnakeGame
java_class_path (initial): /Users/humptydumpty/IdeaProjects/kodilla-snake/build/classes/java/main:/Users/humptydumpty/IdeaProjects/kodilla-snake/build/resources/main:/Users/humptydumpty/.gradle/caches/modules-2/files-2.1/org.openjfx/javafx-controls/11.0.2/996371d2868035845572cdb19179dca2bfd1139f/javafx-controls-11.0.2-mac.jar:/Users/humptydumpty/.gradle/caches/modules-2/files-2.1/org.openjfx/javafx-graphics/11.0.2/c1d99ae5bc48e7173f4514a941d27d8f8c972c71/javafx-graphics-11.0.2-mac.jar:/Users/humptydumpty/.gradle/caches/modules-2/files-2.1/org.openjfx/javafx-graphics/11.0.2/e522eb4ea422eceeee207b1c266ba3db19b2343a/javafx-graphics-11.0.2.jar:/Users/humptydumpty/.gradle/caches/modules-2/files-2.1/org.openjfx/javafx-base/11.0.2/b774922e5da6a56afee221d1a288d179a1342aa9/javafx-base-11.0.2-mac.jar:/Users/humptydumpty/.gradle/caches/modules-2/files-2.1/org.openjfx/javafx-base/11.0.2/7fb2e4a8528ec9e434a9ac9ee98b39af79e6dcb8/javafx-base-11.0.2.jar
Launcher Type: SUN_STANDARD

[Global flags]
     intx CICompilerCount                          = 3                                         {product} {ergonomic}
     uint ConcGCThreads                            = 1                                         {product} {ergonomic}
     uint G1ConcRefinementThreads                  = 4                                         {product} {ergonomic}
   size_t G1HeapRegionSize                         = 1048576                                   {product} {ergonomic}
    uintx GCDrainStackTargetSize                   = 64                                        {product} {ergonomic}
   size_t InitialHeapSize                          = 67108864                                  {product} {ergonomic}
   size_t MarkStackSize                            = 4194304                                   {product} {ergonomic}
   size_t MaxHeapSize                              = 1073741824                                {product} {ergonomic}
   size_t MaxNewSize                               = 643825664                                 {product} {ergonomic}
   size_t MinHeapDeltaBytes                        = 1048576                                   {product} {ergonomic}
    uintx NonNMethodCodeHeapSize                   = 5830732                                {pd product} {ergonomic}
    uintx NonProfiledCodeHeapSize                  = 122913754                              {pd product} {ergonomic}
    uintx ProfiledCodeHeapSize                     = 122913754                              {pd product} {ergonomic}
    uintx ReservedCodeCacheSize                    = 251658240                              {pd product} {ergonomic}
     bool SegmentedCodeCache                       = true                                      {product} {ergonomic}
     bool UseCompressedClassPointers               = true                                 {lp64_product} {ergonomic}
     bool UseCompressedOops                        = true                                 {lp64_product} {ergonomic}
     bool UseG1GC                                  = true                                      {product} {ergonomic}

Logging:
Log output configuration:
 #0: stdout all=warning uptime,level,tags
 #1: stderr all=off uptime,level,tags

Environment Variables:
PATH=/usr/local/bin:/usr/bin:/bin:/usr/sbin:/sbin
SHELL=/bin/bash

Signal Handlers:
SIGSEGV: [libjvm.dylib+0x78aa18], sa_mask[0]=11111111011111110111111111111111, sa_flags=SA_ONSTACK|SA_RESTART|SA_SIGINFO
SIGBUS: [libjvm.dylib+0x78aa18], sa_mask[0]=11111111011111110111111111111111, sa_flags=SA_RESTART|SA_SIGINFO
SIGFPE: [libjvm.dylib+0x78aa18], sa_mask[0]=11111111011111110111111111111111, sa_flags=SA_RESTART|SA_SIGINFO
SIGPIPE: [libjvm.dylib+0x63d5a5], sa_mask[0]=11111111011111110111111111111111, sa_flags=SA_RESTART|SA_SIGINFO
SIGXFSZ: [libjvm.dylib+0x63d5a5], sa_mask[0]=11111111011111110111111111111111, sa_flags=SA_RESTART|SA_SIGINFO
SIGILL: [libjvm.dylib+0x78aa18], sa_mask[0]=11111111011111110111111111111111, sa_flags=SA_RESTART|SA_SIGINFO
SIGUSR2: [libjvm.dylib+0x63db7a], sa_mask[0]=00100000000000000000000000000000, sa_flags=SA_RESTART|SA_SIGINFO
SIGHUP: [libjvm.dylib+0x63c67d], sa_mask[0]=11111111011111110111111111111111, sa_flags=SA_RESTART|SA_SIGINFO
SIGINT: [libjvm.dylib+0x63c67d], sa_mask[0]=11111111011111110111111111111111, sa_flags=SA_RESTART|SA_SIGINFO
SIGTERM: [libjvm.dylib+0x63c67d], sa_mask[0]=11111111011111110111111111111111, sa_flags=SA_RESTART|SA_SIGINFO
SIGQUIT: [libjvm.dylib+0x63c67d], sa_mask[0]=11111111011111110111111111111111, sa_flags=SA_RESTART|SA_SIGINFO


---------------  S Y S T E M  ---------------

OS:uname:Darwin 21.4.0 Darwin Kernel Version 21.4.0: Fri Mar 18 00:45:05 PDT 2022; root:xnu-8020.101.4~15/RELEASE_X86_64 x86_64
rlimit: STACK 8192k, CORE 0k, NPROC 1392, NOFILE 10240, AS infinity, DATA infinity, FSIZE infinity
load average:5.16 4.03 3.56

CPU:total 4 (initial active 4) (2 cores per cpu, 2 threads per core) family 6 model 61 stepping 4 microcode 0x2f, cmov, cx8, fxsr, mmx, sse, sse2, sse3, ssse3, sse4.1, sse4.2, popcnt, avx, avx2, aes, clmul, erms, 3dnowpref, lzcnt, ht, tsc, tscinvbit, bmi1, bmi2, adx, fma

Memory: 4k page, physical 4194304k(217288k free)

vm_info: Java HotSpot(TM) 64-Bit Server VM (11.0.15+8-LTS-149) for bsd-amd64 JRE (11.0.15+8-LTS-149), built on Mar  9 2022 22:44:40 by "mach5one" with gcc 4.2.1 Compatible Apple LLVM 11.0.0 (clang-1100.0.33.17)

END.
